{"logTime": "0107/090731", "correlationVector":"8McIkRJhnDWy2qzwhX9mCj","action":"Initial GetUpdates", "result":"", "context":Reason: NEWLY_SUPPORTED_DATATYPE. cV=8McIkRJhnDWy2qzwhX9mCj}
{"logTime": "0107/090731", "correlationVector":"8McIkRJhnDWy2qzwhX9mCj.1","action":"SyncServerConnectionManagerRequest", "result":"SYNC_SERVER_OK", "context":{"environment":"Prod_EastAsia_000d", "migrationStage":"NotStarted", "server":"GENERAL01000008"}}
{"logTime": "0107/090731", "correlationVector":"8McIkRJhnDWy2qzwhX9mCj.2","action":"GetUpdates Response", "result":"SYNCER_OK", "context":Received 2 update(s). cV=8McIkRJhnDWy2qzwhX9mCj.0;server=GENERAL01000008;cloudType=Consumer;environment=Prod_EastAsia_000d;migrationStage=NotStarted}
{"logTime": "0107/090731", "correlationVector":"As3BcflNRo9EU5Edycu+eM","action":"Normal GetUpdate request", "result":"", "context":cV=As3BcflNRo9EU5Edycu+eM
Nudged types: Sessions
Refresh requested types: Bookmarks, Preferences, Passwords, Autofill Profiles, Autofill, Autofill Custom Data, Typed URLs, Extensions, Sessions, Extension settings, History Delete Directives, Device Info, User Consents, Send Tab To Self, Web Apps, Collection, Edge E Drop, Edge Hub App Usage, Edge Wallet, Encryption Keys}
{"logTime": "0107/090731", "correlationVector":"As3BcflNRo9EU5Edycu+eM.1","action":"SyncServerConnectionManagerRequest", "result":"SYNC_SERVER_OK", "context":{"environment":"Prod_EastAsia_000d", "migrationStage":"NotStarted", "server":"GENERAL0100000D"}}
{"logTime": "0107/090731", "correlationVector":"As3BcflNRo9EU5Edycu+eM.2","action":"GetUpdates Response", "result":"SYNCER_OK", "context":Received 1 update(s). cV=As3BcflNRo9EU5Edycu+eM.0;server=GENERAL0100000D;cloudType=Consumer;environment=Prod_EastAsia_000d;migrationStage=NotStarted}
{"logTime": "0107/090731", "correlationVector":"JERbJm5KwT+2UdDGzhtpAV","action":"Commit Request", "result":"", "context":Item count: 3
Contributing types: Sessions}
{"logTime": "0107/090731", "correlationVector":"JERbJm5KwT+2UdDGzhtpAV.1","action":"SyncServerConnectionManagerRequest", "result":"SYNC_SERVER_OK", "context":{"environment":"Prod_EastAsia_000d", "migrationStage":"NotStarted", "server":"GENERAL0100001J"}}
{"logTime": "0107/090731", "correlationVector":"JERbJm5KwT+2UdDGzhtpAV.3","action":"Commit.Sessions", "result":"Success", "context":{"id":"23e251a0-533e-429b-960a-975331ca2aab", "isDeleted":"true", "size":"0", "version":"1704604336357"}}
{"logTime": "0107/090731", "correlationVector":"JERbJm5KwT+2UdDGzhtpAV.2","action":"Commit Response", "result":"SYNCER_OK", "context":Result: SYNCER_OK. cV=JERbJm5KwT+2UdDGzhtpAV.0;server=GENERAL0100001J;cloudType=Consumer;environment=Prod_EastAsia_000d;migrationStage=NotStarted}
{"logTime": "0107/090733", "correlationVector":"vX/+RThNlrukq6KCkdf/I4","action":"Normal GetUpdate request", "result":"", "context":cV=vX/+RThNlrukq6KCkdf/I4
Nudged types: Sessions, Edge Hub App Usage}
{"logTime": "0107/090734", "correlationVector":"vX/+RThNlrukq6KCkdf/I4.1","action":"SyncServerConnectionManagerRequest", "result":"SYNC_SERVER_OK", "context":{"environment":"Prod_EastAsia_000d", "migrationStage":"NotStarted", "server":"GENERAL0100001G"}}
{"logTime": "0107/090734", "correlationVector":"vX/+RThNlrukq6KCkdf/I4.2","action":"GetUpdates", "result":"DeleteReceived", "context":{"id":"23e251a0-533e-429b-960a-975331ca2aab", "isDeleted:":"true", "version":"1704618446895"}}
{"logTime": "0107/090734", "correlationVector":"vX/+RThNlrukq6KCkdf/I4.3","action":"GetUpdates Response", "result":"SYNCER_OK", "context":Received 3 update(s). cV=vX/+RThNlrukq6KCkdf/I4.0;server=GENERAL0100001G;cloudType=Consumer;environment=Prod_EastAsia_000d;migrationStage=NotStarted}
{"logTime": "0107/090734", "correlationVector":"LR+Yj6mQ/9YvMi0DYHhyaW","action":"Commit Request", "result":"", "context":Item count: 2
Contributing types: Sessions, Edge Hub App Usage}
{"logTime": "0107/090735", "correlationVector":"LR+Yj6mQ/9YvMi0DYHhyaW.1","action":"SyncServerConnectionManagerRequest", "result":"SYNC_SERVER_OK", "context":{"environment":"Prod_EastAsia_000d", "migrationStage":"NotStarted", "server":"GENERAL0100001F"}}
{"logTime": "0107/090735", "correlationVector":"LR+Yj6mQ/9YvMi0DYHhyaW.2","action":"Commit Response", "result":"SYNCER_OK", "context":Result: SYNCER_OK. cV=LR+Yj6mQ/9YvMi0DYHhyaW.0;server=GENERAL0100001F;cloudType=Consumer;environment=Prod_EastAsia_000d;migrationStage=NotStarted}
{"logTime": "0107/091222", "correlationVector":"pyoPkIWAVbEKpfNQasDSuT","action":"Normal GetUpdate request", "result":"", "context":cV=pyoPkIWAVbEKpfNQasDSuT
Refresh requested types: Bookmarks, Preferences, Passwords, Autofill Profiles, Autofill, Autofill Custom Data, Typed URLs, Extensions, Sessions, Extension settings, History Delete Directives, Device Info, User Consents, Send Tab To Self, Web Apps, Collection, Edge E Drop, Edge Hub App Usage, Edge Wallet, Encryption Keys}
{"logTime": "0107/091223", "correlationVector":"pyoPkIWAVbEKpfNQasDSuT.1","action":"SyncServerConnectionManagerRequest", "result":"SYNC_SERVER_OK", "context":{"environment":"Prod_EastAsia_000d", "migrationStage":"NotStarted", "server":"GENERAL0100001D"}}
{"logTime": "0107/091223", "correlationVector":"pyoPkIWAVbEKpfNQasDSuT.2","action":"GetUpdates Response", "result":"SYNCER_OK", "context":Received 2 update(s). cV=pyoPkIWAVbEKpfNQasDSuT.0;server=GENERAL0100001D;cloudType=Consumer;environment=Prod_EastAsia_000d;migrationStage=NotStarted}
{"logTime": "0107/091336", "correlationVector":"vyqqVmOPrS3dE+2ju+SiCm","action":"Commit Request", "result":"", "context":Item count: 1
Contributing types: Sessions}
{"logTime": "0107/091336", "correlationVector":"vyqqVmOPrS3dE+2ju+SiCm.1","action":"SyncServerConnectionManagerRequest", "result":"SYNC_SERVER_OK", "context":{"environment":"Prod_EastAsia_000d", "migrationStage":"NotStarted", "server":"GENERAL0100001F"}}
{"logTime": "0107/091336", "correlationVector":"vyqqVmOPrS3dE+2ju+SiCm.2","action":"Commit Response", "result":"SYNCER_OK", "context":Result: SYNCER_OK. cV=vyqqVmOPrS3dE+2ju+SiCm.0;server=GENERAL0100001F;cloudType=Consumer;environment=Prod_EastAsia_000d;migrationStage=NotStarted}
{"logTime": "0107/091509", "correlationVector":"p2AIBVqCxDJx1/r3BCyvzV","action":"Commit Request", "result":"", "context":Item count: 1
Contributing types: Sessions}
{"logTime": "0107/091509", "correlationVector":"p2AIBVqCxDJx1/r3BCyvzV.1","action":"SyncServerConnectionManagerRequest", "result":"SYNC_SERVER_OK", "context":{"environment":"Prod_EastAsia_000d", "migrationStage":"NotStarted", "server":"GENERAL0100001R"}}
{"logTime": "0107/091509", "correlationVector":"p2AIBVqCxDJx1/r3BCyvzV.2","action":"Commit Response", "result":"SYNCER_OK", "context":Result: SYNCER_OK. cV=p2AIBVqCxDJx1/r3BCyvzV.0;server=GENERAL0100001R;cloudType=Consumer;environment=Prod_EastAsia_000d;migrationStage=NotStarted}
{"logTime": "0107/092449", "correlationVector":"mNeFifJZo18w93eas8cprN","action":"Commit Request", "result":"", "context":Item count: 1
Contributing types: Sessions}
{"logTime": "0107/092450", "correlationVector":"mNeFifJZo18w93eas8cprN.1","action":"SyncServerConnectionManagerRequest", "result":"SYNC_SERVER_OK", "context":{"environment":"Prod_EastAsia_000d", "migrationStage":"NotStarted", "server":"GENERAL0100000F"}}
{"logTime": "0107/092450", "correlationVector":"mNeFifJZo18w93eas8cprN.2","action":"Commit Response", "result":"SYNCER_OK", "context":Result: SYNCER_OK. cV=mNeFifJZo18w93eas8cprN.0;server=GENERAL0100000F;cloudType=Consumer;environment=Prod_EastAsia_000d;migrationStage=NotStarted}
{"logTime": "0107/092623", "correlationVector":"yBaIMuuV7cdzAAX0FMlajV","action":"Commit Request", "result":"", "context":Item count: 1
Contributing types: Sessions}
{"logTime": "0107/092623", "correlationVector":"yBaIMuuV7cdzAAX0FMlajV.1","action":"SyncServerConnectionManagerRequest", "result":"SYNC_SERVER_OK", "context":{"environment":"Prod_EastAsia_000d", "migrationStage":"NotStarted", "server":"GENERAL0100000Z"}}
{"logTime": "0107/092623", "correlationVector":"yBaIMuuV7cdzAAX0FMlajV.2","action":"Commit Response", "result":"SYNCER_OK", "context":Result: SYNCER_OK. cV=yBaIMuuV7cdzAAX0FMlajV.0;server=GENERAL0100000Z;cloudType=Consumer;environment=Prod_EastAsia_000d;migrationStage=NotStarted}
{"logTime": "0107/092809", "correlationVector":"6k3XhwyuL2qe39q6BUSJmS","action":"Commit Request", "result":"", "context":Item count: 1
Contributing types: Sessions}
{"logTime": "0107/092809", "correlationVector":"6k3XhwyuL2qe39q6BUSJmS.1","action":"SyncServerConnectionManagerRequest", "result":"SYNC_SERVER_OK", "context":{"environment":"Prod_EastAsia_000d", "migrationStage":"NotStarted", "server":"GENERAL0100001F"}}
{"logTime": "0107/092809", "correlationVector":"6k3XhwyuL2qe39q6BUSJmS.2","action":"Commit Response", "result":"SYNCER_OK", "context":Result: SYNCER_OK. cV=6k3XhwyuL2qe39q6BUSJmS.0;server=GENERAL0100001F;cloudType=Consumer;environment=Prod_EastAsia_000d;migrationStage=NotStarted}
{"logTime": "0107/093013", "correlationVector":"U4o2ykfgt9O7M8idS1F/Te","action":"Commit Request", "result":"", "context":Item count: 1
Contributing types: Sessions}
{"logTime": "0107/093013", "correlationVector":"U4o2ykfgt9O7M8idS1F/Te.1","action":"SyncServerConnectionManagerRequest", "result":"SYNC_AUTH_ERROR", "context":{"environment":"Prod_EastAsia_000d", "migrationStage":"NotStarted", "server":"GENERAL0100000P"}}
{"logTime": "0107/093013", "correlationVector":"U4o2ykfgt9O7M8idS1F/Te.2","action":"Commit Response", "result":"SYNC_AUTH_ERROR (HTTP 401)", "context":Result: SYNC_AUTH_ERROR (HTTP 401). cV=U4o2ykfgt9O7M8idS1F/Te.0;server=GENERAL0100000P;cloudType=Undetermined;environment=Prod_EastAsia_000d;migrationStage=NotStarted}
{"logTime": "0107/093014", "correlationVector":"jnXQp5tjnSrUu9ofINGBji","action":"Commit Request", "result":"", "context":Item count: 1
Contributing types: Sessions}
{"logTime": "0107/093015", "correlationVector":"jnXQp5tjnSrUu9ofINGBji.1","action":"SyncServerConnectionManagerRequest", "result":"SYNC_SERVER_OK", "context":{"environment":"Prod_EastAsia_000d", "migrationStage":"NotStarted", "server":"GENERAL0100000Z"}}
{"logTime": "0107/093015", "correlationVector":"jnXQp5tjnSrUu9ofINGBji.2","action":"Commit Response", "result":"SYNCER_OK", "context":Result: SYNCER_OK. cV=jnXQp5tjnSrUu9ofINGBji.0;server=GENERAL0100000Z;cloudType=Consumer;environment=Prod_EastAsia_000d;migrationStage=NotStarted}
{"logTime": "0107/093052", "correlationVector":"semr3xBMfoC2xCXMGVFCTY","action":"Commit Request", "result":"", "context":Item count: 1
Contributing types: Sessions}
{"logTime": "0107/093052", "correlationVector":"semr3xBMfoC2xCXMGVFCTY.1","action":"SyncServerConnectionManagerRequest", "result":"SYNC_SERVER_OK", "context":{"environment":"Prod_EastAsia_000d", "migrationStage":"NotStarted", "server":"GENERAL0100001R"}}
{"logTime": "0107/093052", "correlationVector":"semr3xBMfoC2xCXMGVFCTY.2","action":"Commit Response", "result":"SYNCER_OK", "context":Result: SYNCER_OK. cV=semr3xBMfoC2xCXMGVFCTY.0;server=GENERAL0100001R;cloudType=Consumer;environment=Prod_EastAsia_000d;migrationStage=NotStarted}
{"logTime": "0107/093720", "correlationVector":"/oFFPan8wtOKMS8r8tm3od.1","action":"SyncServerConnectionManagerRequest", "result":"SYNC_SERVER_OK", "context":{"environment":"Prod_EastAsia_000d", "migrationStage":"NotStarted", "server":"GENERAL0100000U"}}
{"logTime": "0107/093720", "correlationVector":"/oFFPan8wtOKMS8r8tm3od","action":"Initial GetUpdates", "result":"", "context":Reason: NEW_CLIENT. cV=/oFFPan8wtOKMS8r8tm3od}
{"logTime": "0107/093720", "correlationVector":"/oFFPan8wtOKMS8r8tm3od.2","action":"GetUpdates Response", "result":"SYNCER_OK", "context":Received 1 update(s). cV=/oFFPan8wtOKMS8r8tm3od.0;server=GENERAL0100000U;cloudType=Consumer;environment=Prod_EastAsia_000d;migrationStage=NotStarted}
{"logTime": "0107/093720", "correlationVector":"kLBWlSoc5oWFmV54RK1G6S","action":"SyncServerConnectionManagerRequest", "result":"SYNC_SERVER_OK", "context":{"environment":"", "migrationStage":"", "server":""}}
{"logTime": "0107/093720", "correlationVector":"NF9S+9sINA3l1k+OZzjWkO","action":"Initial GetUpdates", "result":"", "context":Reason: NEWLY_SUPPORTED_DATATYPE. cV=NF9S+9sINA3l1k+OZzjWkO}
{"logTime": "0107/093720", "correlationVector":"NF9S+9sINA3l1k+OZzjWkO.1","action":"SyncServerConnectionManagerRequest", "result":"SYNC_SERVER_OK", "context":{"environment":"Prod_EastAsia_000d", "migrationStage":"NotStarted", "server":"GENERAL0100001Z"}}
{"logTime": "0107/093720", "correlationVector":"NF9S+9sINA3l1k+OZzjWkO.2","action":"GetUpdates Response", "result":"SYNCER_OK", "context":Received 2 update(s). cV=NF9S+9sINA3l1k+OZzjWkO.0;server=GENERAL0100001Z;cloudType=Consumer;environment=Prod_EastAsia_000d;migrationStage=NotStarted}
{"logTime": "0107/093720", "correlationVector":"axipxKePZ69LLVDfjShIQK","action":"Normal GetUpdate request", "result":"", "context":cV=axipxKePZ69LLVDfjShIQK
Nudged types: Sessions
Refresh requested types: Bookmarks, Preferences, Passwords, Autofill Profiles, Autofill, Autofill Custom Data, Typed URLs, Extensions, Sessions, Extension settings, History Delete Directives, Device Info, User Consents, Send Tab To Self, Web Apps, Collection, Edge E Drop, Edge Hub App Usage, Edge Wallet, Encryption Keys}
{"logTime": "0107/093720", "correlationVector":"axipxKePZ69LLVDfjShIQK.1","action":"SyncServerConnectionManagerRequest", "result":"SYNC_SERVER_OK", "context":{"environment":"Prod_EastAsia_000d", "migrationStage":"NotStarted", "server":"GENERAL01000026"}}
{"logTime": "0107/093720", "correlationVector":"axipxKePZ69LLVDfjShIQK.2","action":"GetUpdates Response", "result":"SYNCER_OK", "context":Received 1 update(s). cV=axipxKePZ69LLVDfjShIQK.0;server=GENERAL01000026;cloudType=Consumer;environment=Prod_EastAsia_000d;migrationStage=NotStarted}
{"logTime": "0107/093720", "correlationVector":"VQwuyS3qVbqHLUQH0oSUdu","action":"Commit Request", "result":"", "context":Item count: 3
Contributing types: Sessions}
{"logTime": "0107/093720", "correlationVector":"VQwuyS3qVbqHLUQH0oSUdu.1","action":"SyncServerConnectionManagerRequest", "result":"SYNC_SERVER_OK", "context":{"environment":"Prod_EastAsia_000d", "migrationStage":"NotStarted", "server":"GENERAL0100000U"}}
{"logTime": "0107/093720", "correlationVector":"VQwuyS3qVbqHLUQH0oSUdu.3","action":"Commit.Sessions", "result":"Success", "context":{"id":"c3240427-9174-4876-aaed-7248b69b7008", "isDeleted":"true", "size":"0", "version":"1704619852619"}}
{"logTime": "0107/093720", "correlationVector":"VQwuyS3qVbqHLUQH0oSUdu.2","action":"Commit Response", "result":"SYNCER_OK", "context":Result: SYNCER_OK. cV=VQwuyS3qVbqHLUQH0oSUdu.0;server=GENERAL0100000U;cloudType=Consumer;environment=Prod_EastAsia_000d;migrationStage=NotStarted}
{"logTime": "0107/093720", "correlationVector":"3cMr6Veh8CAUkegFZKlQoH","action":"Normal GetUpdate request", "result":"", "context":cV=3cMr6Veh8CAUkegFZKlQoH
Nudged types: Sessions}
{"logTime": "0107/093720", "correlationVector":"3cMr6Veh8CAUkegFZKlQoH.1","action":"SyncServerConnectionManagerRequest", "result":"SYNC_SERVER_OK", "context":{"environment":"Prod_EastAsia_000d", "migrationStage":"NotStarted", "server":"GENERAL01000012"}}
{"logTime": "0107/093720", "correlationVector":"3cMr6Veh8CAUkegFZKlQoH.2","action":"GetUpdates", "result":"DeleteReceived", "context":{"id":"c3240427-9174-4876-aaed-7248b69b7008", "isDeleted:":"true", "version":"1704620184126"}}
{"logTime": "0107/093720", "correlationVector":"3cMr6Veh8CAUkegFZKlQoH.3","action":"GetUpdates Response", "result":"SYNCER_OK", "context":Received 3 update(s). cV=3cMr6Veh8CAUkegFZKlQoH.0;server=GENERAL01000012;cloudType=Consumer;environment=Prod_EastAsia_000d;migrationStage=NotStarted}
{"logTime": "0107/093720", "correlationVector":"A5O/rd29xa9/BCUW6MB4fx","action":"Commit Request", "result":"", "context":Item count: 1
Contributing types: Sessions}
{"logTime": "0107/093720", "correlationVector":"A5O/rd29xa9/BCUW6MB4fx.1","action":"SyncServerConnectionManagerRequest", "result":"SYNC_SERVER_OK", "context":{"environment":"Prod_EastAsia_000d", "migrationStage":"NotStarted", "server":"GENERAL01000008"}}
{"logTime": "0107/093720", "correlationVector":"A5O/rd29xa9/BCUW6MB4fx.2","action":"Commit Response", "result":"SYNCER_OK", "context":Result: SYNCER_OK. cV=A5O/rd29xa9/BCUW6MB4fx.0;server=GENERAL01000008;cloudType=Consumer;environment=Prod_EastAsia_000d;migrationStage=NotStarted}
{"logTime": "0107/093722", "correlationVector":"RgT5hx5AkQWQltV0M8fErA","action":"Commit Request", "result":"", "context":Item count: 1
Contributing types: Edge Hub App Usage}
{"logTime": "0107/093724", "correlationVector":"RgT5hx5AkQWQltV0M8fErA.1","action":"SyncServerConnectionManagerRequest", "result":"SYNC_SERVER_OK", "context":{"environment":"Prod_EastAsia_000d", "migrationStage":"NotStarted", "server":"GENERAL0300002J"}}
{"logTime": "0107/093724", "correlationVector":"RgT5hx5AkQWQltV0M8fErA.2","action":"Commit Response", "result":"SYNCER_OK", "context":Result: SYNCER_OK. cV=RgT5hx5AkQWQltV0M8fErA.0;server=GENERAL0300002J;cloudType=Consumer;environment=Prod_EastAsia_000d;migrationStage=NotStarted}
{"logTime": "0107/093925", "correlationVector":"psj0EvkVAwKKGEN0LytB9B","action":"Commit Request", "result":"", "context":Item count: 1
Contributing types: Sessions}
{"logTime": "0107/093925", "correlationVector":"psj0EvkVAwKKGEN0LytB9B.1","action":"SyncServerConnectionManagerRequest", "result":"SYNC_SERVER_OK", "context":{"environment":"Prod_EastAsia_000d", "migrationStage":"NotStarted", "server":"GENERAL0100000J"}}
{"logTime": "0107/093925", "correlationVector":"psj0EvkVAwKKGEN0LytB9B.2","action":"Commit Response", "result":"SYNCER_OK", "context":Result: SYNCER_OK. cV=psj0EvkVAwKKGEN0LytB9B.0;server=GENERAL0100000J;cloudType=Consumer;environment=Prod_EastAsia_000d;migrationStage=NotStarted}
{"logTime": "0107/094041", "correlationVector":"kT+kD3Q/+p4R6GBjgXQ8Zt","action":"Commit Request", "result":"", "context":Item count: 1
Contributing types: Sessions}
{"logTime": "0107/094042", "correlationVector":"kT+kD3Q/+p4R6GBjgXQ8Zt.1","action":"SyncServerConnectionManagerRequest", "result":"SYNC_SERVER_OK", "context":{"environment":"Prod_EastAsia_000d", "migrationStage":"NotStarted", "server":"GENERAL0300001U"}}
{"logTime": "0107/094042", "correlationVector":"kT+kD3Q/+p4R6GBjgXQ8Zt.2","action":"Commit Response", "result":"SYNCER_OK", "context":Result: SYNCER_OK. cV=kT+kD3Q/+p4R6GBjgXQ8Zt.0;server=GENERAL0300001U;cloudType=Consumer;environment=Prod_EastAsia_000d;migrationStage=NotStarted}
{"logTime": "0107/094120", "correlationVector":"sBj5YrOeGvtNfpVFHWpRQs","action":"Normal GetUpdate request", "result":"", "context":cV=sBj5YrOeGvtNfpVFHWpRQs
Nudged types: Sessions
Refresh requested types: Bookmarks, Preferences, Passwords, Autofill Profiles, Autofill, Autofill Custom Data, Typed URLs, Extensions, Sessions, Extension settings, History Delete Directives, Device Info, User Consents, Send Tab To Self, Web Apps, Collection, Edge E Drop, Edge Hub App Usage, Edge Wallet, Encryption Keys}
{"logTime": "0107/094121", "correlationVector":"sBj5YrOeGvtNfpVFHWpRQs.1","action":"SyncServerConnectionManagerRequest", "result":"SYNC_SERVER_OK", "context":{"environment":"Prod_EastAsia_000d", "migrationStage":"NotStarted", "server":"GENERAL01000012"}}
{"logTime": "0107/094121", "correlationVector":"sBj5YrOeGvtNfpVFHWpRQs.2","action":"GetUpdates Response", "result":"SYNCER_OK", "context":Received 2 update(s). cV=sBj5YrOeGvtNfpVFHWpRQs.0;server=GENERAL01000012;cloudType=Consumer;environment=Prod_EastAsia_000d;migrationStage=NotStarted}
{"logTime": "0107/094121", "correlationVector":"OuUXebjH2n6JuujSAcJQzG","action":"Commit Request", "result":"", "context":Item count: 1
Contributing types: Sessions}
{"logTime": "0107/094122", "correlationVector":"OuUXebjH2n6JuujSAcJQzG.1","action":"SyncServerConnectionManagerRequest", "result":"SYNC_SERVER_OK", "context":{"environment":"Prod_EastAsia_000d", "migrationStage":"NotStarted", "server":"GENERAL0100000J"}}
{"logTime": "0107/094122", "correlationVector":"OuUXebjH2n6JuujSAcJQzG.2","action":"Commit Response", "result":"SYNCER_OK", "context":Result: SYNCER_OK. cV=OuUXebjH2n6JuujSAcJQzG.0;server=GENERAL0100000J;cloudType=Consumer;environment=Prod_EastAsia_000d;migrationStage=NotStarted}
{"logTime": "0107/094136", "correlationVector":"DQllblG3sMjJtlWiGtanYH","action":"Poll GetUpdate request", "result":"", "context":cV=DQllblG3sMjJtlWiGtanYH}
{"logTime": "0107/094137", "correlationVector":"DQllblG3sMjJtlWiGtanYH.1","action":"SyncServerConnectionManagerRequest", "result":"SYNC_SERVER_OK", "context":{"environment":"Prod_EastAsia_000d", "migrationStage":"NotStarted", "server":"GENERAL0100001G"}}
{"logTime": "0107/094137", "correlationVector":"DQllblG3sMjJtlWiGtanYH.2","action":"GetUpdates Response", "result":"SYNCER_OK", "context":Received 1 update(s). cV=DQllblG3sMjJtlWiGtanYH.0;server=GENERAL0100001G;cloudType=Consumer;environment=Prod_EastAsia_000d;migrationStage=NotStarted}
{"logTime": "0107/095215", "correlationVector":"TKuZJ6c+HWbgEvgNM0cIIs.1","action":"SyncServerConnectionManagerRequest", "result":"SYNC_SERVER_OK", "context":{"environment":"Prod_EastAsia_000d", "migrationStage":"NotStarted", "server":"GENERAL0100001C"}}
{"logTime": "0107/095215", "correlationVector":"TKuZJ6c+HWbgEvgNM0cIIs","action":"Initial GetUpdates", "result":"", "context":Reason: NEW_CLIENT. cV=TKuZJ6c+HWbgEvgNM0cIIs}
{"logTime": "0107/095215", "correlationVector":"TKuZJ6c+HWbgEvgNM0cIIs.2","action":"GetUpdates Response", "result":"SYNCER_OK", "context":Received 1 update(s). cV=TKuZJ6c+HWbgEvgNM0cIIs.0;server=GENERAL0100001C;cloudType=Consumer;environment=Prod_EastAsia_000d;migrationStage=NotStarted}
{"logTime": "0107/095215", "correlationVector":"wgUNmrNg8bLQAiDjbv36tU","action":"Initial GetUpdates", "result":"", "context":Reason: NEWLY_SUPPORTED_DATATYPE. cV=wgUNmrNg8bLQAiDjbv36tU}
{"logTime": "0107/095215", "correlationVector":"wgUNmrNg8bLQAiDjbv36tU.1","action":"SyncServerConnectionManagerRequest", "result":"SYNC_SERVER_OK", "context":{"environment":"Prod_EastAsia_000d", "migrationStage":"NotStarted", "server":"GENERAL0100000P"}}
{"logTime": "0107/095215", "correlationVector":"wgUNmrNg8bLQAiDjbv36tU.2","action":"GetUpdates Response", "result":"SYNCER_OK", "context":Received 2 update(s). cV=wgUNmrNg8bLQAiDjbv36tU.0;server=GENERAL0100000P;cloudType=Consumer;environment=Prod_EastAsia_000d;migrationStage=NotStarted}
{"logTime": "0107/095216", "correlationVector":"CNao3Ha/bs8pR1DowrD2ZT","action":"Normal GetUpdate request", "result":"", "context":cV=CNao3Ha/bs8pR1DowrD2ZT
Nudged types: Sessions
Refresh requested types: Bookmarks, Preferences, Passwords, Autofill Profiles, Autofill, Autofill Custom Data, Typed URLs, Extensions, Sessions, Extension settings, History Delete Directives, Device Info, User Consents, Send Tab To Self, Web Apps, Collection, Edge E Drop, Edge Hub App Usage, Edge Wallet, Encryption Keys}
{"logTime": "0107/095216", "correlationVector":"CNao3Ha/bs8pR1DowrD2ZT.1","action":"SyncServerConnectionManagerRequest", "result":"SYNC_SERVER_OK", "context":{"environment":"Prod_EastAsia_000d", "migrationStage":"NotStarted", "server":"GENERAL03000003"}}
{"logTime": "0107/095216", "correlationVector":"CNao3Ha/bs8pR1DowrD2ZT.2","action":"GetUpdates", "result":"DeleteReceived", "context":{"id":"e843dc09-2ae1-4e75-8810-13d5639598d0", "isDeleted:":"true", "version":"1704621067362"}}
{"logTime": "0107/095216", "correlationVector":"CNao3Ha/bs8pR1DowrD2ZT.3","action":"GetUpdates Response", "result":"SYNCER_OK", "context":Received 4 update(s). cV=CNao3Ha/bs8pR1DowrD2ZT.0;server=GENERAL03000003;cloudType=Consumer;environment=Prod_EastAsia_000d;migrationStage=NotStarted}
{"logTime": "0107/095218", "correlationVector":"CeEXVTc60Y+6qrCzA73ScD","action":"Normal GetUpdate request", "result":"", "context":cV=CeEXVTc60Y+6qrCzA73ScD
Nudged types: Sessions, Edge Hub App Usage}
{"logTime": "0107/095218", "correlationVector":"CeEXVTc60Y+6qrCzA73ScD.1","action":"SyncServerConnectionManagerRequest", "result":"SYNC_SERVER_OK", "context":{"environment":"Prod_EastAsia_000d", "migrationStage":"NotStarted", "server":"GENERAL01000012"}}
{"logTime": "0107/095218", "correlationVector":"CeEXVTc60Y+6qrCzA73ScD.2","action":"GetUpdates Response", "result":"SYNCER_OK", "context":Received 0 update(s). cV=CeEXVTc60Y+6qrCzA73ScD.0;server=GENERAL01000012;cloudType=Consumer;environment=Prod_EastAsia_000d;migrationStage=NotStarted}
{"logTime": "0107/095218", "correlationVector":"IzzPesVtKWCfaY0MAoIrtR","action":"Commit Request", "result":"", "context":Item count: 3
Contributing types: Sessions, Edge Hub App Usage}
{"logTime": "0107/095220", "correlationVector":"IzzPesVtKWCfaY0MAoIrtR.1","action":"SyncServerConnectionManagerRequest", "result":"SYNC_SERVER_OK", "context":{"environment":"Prod_EastAsia_000d", "migrationStage":"NotStarted", "server":"GENERAL0100000J"}}
{"logTime": "0107/095220", "correlationVector":"IzzPesVtKWCfaY0MAoIrtR.2","action":"Commit Response", "result":"SYNCER_OK", "context":Result: SYNCER_OK. cV=IzzPesVtKWCfaY0MAoIrtR.0;server=GENERAL0100000J;cloudType=Consumer;environment=Prod_EastAsia_000d;migrationStage=NotStarted}
{"logTime": "0107/095701", "correlationVector":"ccbvUxlVflis+V0azEdZKf","action":"Normal GetUpdate request", "result":"", "context":cV=ccbvUxlVflis+V0azEdZKf
Refresh requested types: Bookmarks, Preferences, Passwords, Autofill Profiles, Autofill, Autofill Custom Data, Typed URLs, Extensions, Sessions, Extension settings, History Delete Directives, Device Info, User Consents, Send Tab To Self, Web Apps, Collection, Edge E Drop, Edge Hub App Usage, Edge Wallet, Encryption Keys}
{"logTime": "0107/095702", "correlationVector":"ccbvUxlVflis+V0azEdZKf.1","action":"SyncServerConnectionManagerRequest", "result":"SYNC_SERVER_OK", "context":{"environment":"Prod_EastAsia_000d", "migrationStage":"NotStarted", "server":"GENERAL03000003"}}
{"logTime": "0107/095702", "correlationVector":"ccbvUxlVflis+V0azEdZKf.2","action":"GetUpdates Response", "result":"SYNCER_OK", "context":Received 3 update(s). cV=ccbvUxlVflis+V0azEdZKf.0;server=GENERAL03000003;cloudType=Consumer;environment=Prod_EastAsia_000d;migrationStage=NotStarted}
{"logTime": "0107/104918", "correlationVector":"1LldkSBTibygXxFaEMoF/8","action":"Commit Request", "result":"", "context":Item count: 1
Contributing types: Sessions}
{"logTime": "0107/104919", "correlationVector":"1LldkSBTibygXxFaEMoF/8.1","action":"SyncServerConnectionManagerRequest", "result":"SYNC_SERVER_OK", "context":{"environment":"Prod_EastAsia_000d", "migrationStage":"NotStarted", "server":"GENERAL0100001G"}}
{"logTime": "0107/104919", "correlationVector":"1LldkSBTibygXxFaEMoF/8.2","action":"Commit Response", "result":"SYNCER_OK", "context":Result: SYNCER_OK. cV=1LldkSBTibygXxFaEMoF/8.0;server=GENERAL0100001G;cloudType=Consumer;environment=Prod_EastAsia_000d;migrationStage=NotStarted}
{"logTime": "0107/105220", "correlationVector":"wRKlw0/+o9eHpTDiB/gZj6","action":"Commit Request", "result":"", "context":Item count: 1
Contributing types: Sessions}
{"logTime": "0107/105221", "correlationVector":"wRKlw0/+o9eHpTDiB/gZj6.1","action":"SyncServerConnectionManagerRequest", "result":"SYNC_SERVER_OK", "context":{"environment":"Prod_EastAsia_000d", "migrationStage":"NotStarted", "server":"GENERAL0100001D"}}
{"logTime": "0107/105221", "correlationVector":"wRKlw0/+o9eHpTDiB/gZj6.2","action":"Commit Response", "result":"SYNCER_OK", "context":Result: SYNCER_OK. cV=wRKlw0/+o9eHpTDiB/gZj6.0;server=GENERAL0100001D;cloudType=Consumer;environment=Prod_EastAsia_000d;migrationStage=NotStarted}
{"logTime": "0107/111127", "correlationVector":"4a1ezubx8K09JylFZWdbLz","action":"Commit Request", "result":"", "context":Item count: 1
Contributing types: Sessions}
{"logTime": "0107/111128", "correlationVector":"4a1ezubx8K09JylFZWdbLz.1","action":"SyncServerConnectionManagerRequest", "result":"SYNC_SERVER_OK", "context":{"environment":"Prod_EastAsia_000d", "migrationStage":"NotStarted", "server":"GENERAL03000003"}}
{"logTime": "0107/111128", "correlationVector":"4a1ezubx8K09JylFZWdbLz.2","action":"Commit Response", "result":"SYNCER_OK", "context":Result: SYNCER_OK. cV=4a1ezubx8K09JylFZWdbLz.0;server=GENERAL03000003;cloudType=Consumer;environment=Prod_EastAsia_000d;migrationStage=NotStarted}
{"logTime": "0107/115549", "correlationVector":"rszsNQ0IXbwvrF2TBDSCe6","action":"Commit Request", "result":"", "context":Item count: 1
Contributing types: Sessions}
{"logTime": "0107/115550", "correlationVector":"rszsNQ0IXbwvrF2TBDSCe6.1","action":"SyncServerConnectionManagerRequest", "result":"SYNC_SERVER_OK", "context":{"environment":"Prod_EastAsia_000d", "migrationStage":"NotStarted", "server":"GENERAL0100000J"}}
{"logTime": "0107/115550", "correlationVector":"rszsNQ0IXbwvrF2TBDSCe6.2","action":"Commit Response", "result":"SYNCER_OK", "context":Result: SYNCER_OK. cV=rszsNQ0IXbwvrF2TBDSCe6.0;server=GENERAL0100000J;cloudType=Consumer;environment=Prod_EastAsia_000d;migrationStage=NotStarted}
{"logTime": "0107/115631", "correlationVector":"4EAt2zWeCLg6L/3zQyeRQP","action":"Commit Request", "result":"", "context":Item count: 1
Contributing types: Sessions}
{"logTime": "0107/115631", "correlationVector":"4EAt2zWeCLg6L/3zQyeRQP.1","action":"SyncServerConnectionManagerRequest", "result":"SYNC_SERVER_OK", "context":{"environment":"Prod_EastAsia_000d", "migrationStage":"NotStarted", "server":"GENERAL01000028"}}
{"logTime": "0107/115631", "correlationVector":"4EAt2zWeCLg6L/3zQyeRQP.2","action":"Commit Response", "result":"SYNCER_OK", "context":Result: SYNCER_OK. cV=4EAt2zWeCLg6L/3zQyeRQP.0;server=GENERAL01000028;cloudType=Consumer;environment=Prod_EastAsia_000d;migrationStage=NotStarted}
{"logTime": "0107/115706", "correlationVector":"LoeZHkA5DiEA3Z4XOfuEWp","action":"Commit Request", "result":"", "context":Item count: 1
Contributing types: Sessions}
{"logTime": "0107/115706", "correlationVector":"LoeZHkA5DiEA3Z4XOfuEWp.1","action":"SyncServerConnectionManagerRequest", "result":"SYNC_SERVER_OK", "context":{"environment":"Prod_EastAsia_000d", "migrationStage":"NotStarted", "server":"GENERAL0100001Q"}}
{"logTime": "0107/115706", "correlationVector":"LoeZHkA5DiEA3Z4XOfuEWp.2","action":"Commit Response", "result":"SYNCER_OK", "context":Result: SYNCER_OK. cV=LoeZHkA5DiEA3Z4XOfuEWp.0;server=GENERAL0100001Q;cloudType=Consumer;environment=Prod_EastAsia_000d;migrationStage=NotStarted}
{"logTime": "0107/115752", "correlationVector":"6xFtwAGRb6bl2mDsQuHi+r","action":"Commit Request", "result":"", "context":Item count: 1
Contributing types: Sessions}
{"logTime": "0107/115752", "correlationVector":"6xFtwAGRb6bl2mDsQuHi+r.1","action":"SyncServerConnectionManagerRequest", "result":"SYNC_SERVER_OK", "context":{"environment":"Prod_EastAsia_000d", "migrationStage":"NotStarted", "server":"GENERAL0100001G"}}
{"logTime": "0107/115752", "correlationVector":"6xFtwAGRb6bl2mDsQuHi+r.2","action":"Commit Response", "result":"SYNCER_OK", "context":Result: SYNCER_OK. cV=6xFtwAGRb6bl2mDsQuHi+r.0;server=GENERAL0100001G;cloudType=Consumer;environment=Prod_EastAsia_000d;migrationStage=NotStarted}
{"logTime": "0107/120124", "correlationVector":"+zyj02YrCgIhH+jrL/ouQx","action":"Commit Request", "result":"", "context":Item count: 1
Contributing types: Sessions}
{"logTime": "0107/120124", "correlationVector":"+zyj02YrCgIhH+jrL/ouQx.1","action":"SyncServerConnectionManagerRequest", "result":"SYNC_SERVER_OK", "context":{"environment":"Prod_EastAsia_000d", "migrationStage":"NotStarted", "server":"general01000019"}}
{"logTime": "0107/120124", "correlationVector":"+zyj02YrCgIhH+jrL/ouQx.2","action":"Commit Response", "result":"SYNCER_OK", "context":Result: SYNCER_OK. cV=+zyj02YrCgIhH+jrL/ouQx.0;server=general01000019;cloudType=Consumer;environment=Prod_EastAsia_000d;migrationStage=NotStarted}
{"logTime": "0107/120214", "correlationVector":"Fuy1qhJhqHw06zNF7SiOV0","action":"Commit Request", "result":"", "context":Item count: 1
Contributing types: Sessions}
{"logTime": "0107/120215", "correlationVector":"Fuy1qhJhqHw06zNF7SiOV0.1","action":"SyncServerConnectionManagerRequest", "result":"SYNC_SERVER_OK", "context":{"environment":"Prod_EastAsia_000d", "migrationStage":"NotStarted", "server":"GENERAL0100000K"}}
{"logTime": "0107/120215", "correlationVector":"Fuy1qhJhqHw06zNF7SiOV0.2","action":"Commit Response", "result":"SYNCER_OK", "context":Result: SYNCER_OK. cV=Fuy1qhJhqHw06zNF7SiOV0.0;server=GENERAL0100000K;cloudType=Consumer;environment=Prod_EastAsia_000d;migrationStage=NotStarted}
{"logTime": "0107/120416", "correlationVector":"JmPs4Jzn1dOXfPZAJjtUZ7","action":"Commit Request", "result":"", "context":Item count: 1
Contributing types: Sessions}
{"logTime": "0107/120416", "correlationVector":"JmPs4Jzn1dOXfPZAJjtUZ7.1","action":"SyncServerConnectionManagerRequest", "result":"SYNC_SERVER_OK", "context":{"environment":"Prod_EastAsia_000d", "migrationStage":"NotStarted", "server":"GENERAL0100001R"}}
{"logTime": "0107/120416", "correlationVector":"JmPs4Jzn1dOXfPZAJjtUZ7.2","action":"Commit Response", "result":"SYNCER_OK", "context":Result: SYNCER_OK. cV=JmPs4Jzn1dOXfPZAJjtUZ7.0;server=GENERAL0100001R;cloudType=Consumer;environment=Prod_EastAsia_000d;migrationStage=NotStarted}
{"logTime": "0107/121008", "correlationVector":"A6Q4XCAQivAcPw651wkuYs","action":"Commit Request", "result":"", "context":Item count: 1
Contributing types: Sessions}
{"logTime": "0107/121009", "correlationVector":"A6Q4XCAQivAcPw651wkuYs.1","action":"SyncServerConnectionManagerRequest", "result":"SYNC_SERVER_OK", "context":{"environment":"Prod_EastAsia_000d", "migrationStage":"NotStarted", "server":"GENERAL0100000F"}}
{"logTime": "0107/121009", "correlationVector":"A6Q4XCAQivAcPw651wkuYs.2","action":"Commit Response", "result":"SYNCER_OK", "context":Result: SYNCER_OK. cV=A6Q4XCAQivAcPw651wkuYs.0;server=GENERAL0100000F;cloudType=Consumer;environment=Prod_EastAsia_000d;migrationStage=NotStarted}
{"logTime": "0107/121146", "correlationVector":"xDQOOfMEGdDxP+XYEZLQJF","action":"Commit Request", "result":"", "context":Item count: 1
Contributing types: Sessions}
{"logTime": "0107/121146", "correlationVector":"xDQOOfMEGdDxP+XYEZLQJF.1","action":"SyncServerConnectionManagerRequest", "result":"SYNC_SERVER_OK", "context":{"environment":"Prod_EastAsia_000d", "migrationStage":"NotStarted", "server":"GENERAL0100002A"}}
{"logTime": "0107/121146", "correlationVector":"xDQOOfMEGdDxP+XYEZLQJF.2","action":"Commit Response", "result":"SYNCER_OK", "context":Result: SYNCER_OK. cV=xDQOOfMEGdDxP+XYEZLQJF.0;server=GENERAL0100002A;cloudType=Consumer;environment=Prod_EastAsia_000d;migrationStage=NotStarted}
{"logTime": "0107/121223", "correlationVector":"f4EYBIo+89o7N2EpyIawwM","action":"Commit Request", "result":"", "context":Item count: 1
Contributing types: Sessions}
{"logTime": "0107/121224", "correlationVector":"f4EYBIo+89o7N2EpyIawwM.1","action":"SyncServerConnectionManagerRequest", "result":"SYNC_SERVER_OK", "context":{"environment":"Prod_EastAsia_000d", "migrationStage":"NotStarted", "server":"GENERAL0100000B"}}
{"logTime": "0107/121224", "correlationVector":"f4EYBIo+89o7N2EpyIawwM.2","action":"Commit Response", "result":"SYNCER_OK", "context":Result: SYNCER_OK. cV=f4EYBIo+89o7N2EpyIawwM.0;server=GENERAL0100000B;cloudType=Consumer;environment=Prod_EastAsia_000d;migrationStage=NotStarted}
{"logTime": "0107/121359", "correlationVector":"AMdOVYIzwXZtSLoBbmSSEJ","action":"Commit Request", "result":"", "context":Item count: 1
Contributing types: Sessions}
{"logTime": "0107/121400", "correlationVector":"AMdOVYIzwXZtSLoBbmSSEJ.1","action":"SyncServerConnectionManagerRequest", "result":"SYNC_SERVER_OK", "context":{"environment":"Prod_EastAsia_000d", "migrationStage":"NotStarted", "server":"GENERAL01000009"}}
{"logTime": "0107/121400", "correlationVector":"AMdOVYIzwXZtSLoBbmSSEJ.2","action":"Commit Response", "result":"SYNCER_OK", "context":Result: SYNCER_OK. cV=AMdOVYIzwXZtSLoBbmSSEJ.0;server=GENERAL01000009;cloudType=Consumer;environment=Prod_EastAsia_000d;migrationStage=NotStarted}
{"logTime": "0107/121526", "correlationVector":"PwvJ8JvUfOG9v3wV4UCQ+4","action":"Commit Request", "result":"", "context":Item count: 1
Contributing types: Sessions}
{"logTime": "0107/121527", "correlationVector":"PwvJ8JvUfOG9v3wV4UCQ+4.1","action":"SyncServerConnectionManagerRequest", "result":"SYNC_SERVER_OK", "context":{"environment":"Prod_EastAsia_000d", "migrationStage":"NotStarted", "server":"GENERAL0100000P"}}
{"logTime": "0107/121527", "correlationVector":"PwvJ8JvUfOG9v3wV4UCQ+4.2","action":"Commit Response", "result":"SYNCER_OK", "context":Result: SYNCER_OK. cV=PwvJ8JvUfOG9v3wV4UCQ+4.0;server=GENERAL0100000P;cloudType=Consumer;environment=Prod_EastAsia_000d;migrationStage=NotStarted}
{"logTime": "0107/121627", "correlationVector":"pVsZICU2Jh1wzzprD7iiNe","action":"Commit Request", "result":"", "context":Item count: 1
Contributing types: Sessions}
{"logTime": "0107/121627", "correlationVector":"pVsZICU2Jh1wzzprD7iiNe.1","action":"SyncServerConnectionManagerRequest", "result":"SYNC_SERVER_OK", "context":{"environment":"Prod_EastAsia_000d", "migrationStage":"NotStarted", "server":"GENERAL01000028"}}
{"logTime": "0107/121627", "correlationVector":"pVsZICU2Jh1wzzprD7iiNe.2","action":"Commit Response", "result":"SYNCER_OK", "context":Result: SYNCER_OK. cV=pVsZICU2Jh1wzzprD7iiNe.0;server=GENERAL01000028;cloudType=Consumer;environment=Prod_EastAsia_000d;migrationStage=NotStarted}
{"logTime": "0107/121704", "correlationVector":"PueHE5mM3JoUC856AsbemM","action":"Commit Request", "result":"", "context":Item count: 1
Contributing types: Sessions}
{"logTime": "0107/121704", "correlationVector":"PueHE5mM3JoUC856AsbemM.1","action":"SyncServerConnectionManagerRequest", "result":"SYNC_SERVER_OK", "context":{"environment":"Prod_EastAsia_000d", "migrationStage":"NotStarted", "server":"GENERAL01000020"}}
{"logTime": "0107/121704", "correlationVector":"PueHE5mM3JoUC856AsbemM.2","action":"Commit Response", "result":"SYNCER_OK", "context":Result: SYNCER_OK. cV=PueHE5mM3JoUC856AsbemM.0;server=GENERAL01000020;cloudType=Consumer;environment=Prod_EastAsia_000d;migrationStage=NotStarted}
{"logTime": "0107/121809", "correlationVector":"GaKYlUmVd+R47lkum/jOmw","action":"Commit Request", "result":"", "context":Item count: 1
Contributing types: Sessions}
{"logTime": "0107/121809", "correlationVector":"GaKYlUmVd+R47lkum/jOmw.1","action":"SyncServerConnectionManagerRequest", "result":"SYNC_SERVER_OK", "context":{"environment":"Prod_EastAsia_000d", "migrationStage":"NotStarted", "server":"GENERAL0100001C"}}
{"logTime": "0107/121809", "correlationVector":"GaKYlUmVd+R47lkum/jOmw.2","action":"Commit Response", "result":"SYNCER_OK", "context":Result: SYNCER_OK. cV=GaKYlUmVd+R47lkum/jOmw.0;server=GENERAL0100001C;cloudType=Consumer;environment=Prod_EastAsia_000d;migrationStage=NotStarted}
{"logTime": "0107/121849", "correlationVector":"UY/3h3FfTAjxwljoexA4Vz","action":"Commit Request", "result":"", "context":Item count: 1
Contributing types: Sessions}
{"logTime": "0107/121849", "correlationVector":"UY/3h3FfTAjxwljoexA4Vz.1","action":"SyncServerConnectionManagerRequest", "result":"SYNC_SERVER_OK", "context":{"environment":"Prod_EastAsia_000d", "migrationStage":"NotStarted", "server":"GENERAL0100002A"}}
{"logTime": "0107/121849", "correlationVector":"UY/3h3FfTAjxwljoexA4Vz.2","action":"Commit Response", "result":"SYNCER_OK", "context":Result: SYNCER_OK. cV=UY/3h3FfTAjxwljoexA4Vz.0;server=GENERAL0100002A;cloudType=Consumer;environment=Prod_EastAsia_000d;migrationStage=NotStarted}
{"logTime": "0107/122031", "correlationVector":"8FPJ61tPFocKt9zj++3/JD","action":"Commit Request", "result":"", "context":Item count: 1
Contributing types: Sessions}
{"logTime": "0107/122032", "correlationVector":"8FPJ61tPFocKt9zj++3/JD.1","action":"SyncServerConnectionManagerRequest", "result":"SYNC_SERVER_OK", "context":{"environment":"Prod_EastAsia_000d", "migrationStage":"NotStarted", "server":"GENERAL0100000U"}}
{"logTime": "0107/122032", "correlationVector":"8FPJ61tPFocKt9zj++3/JD.2","action":"Commit Response", "result":"SYNCER_OK", "context":Result: SYNCER_OK. cV=8FPJ61tPFocKt9zj++3/JD.0;server=GENERAL0100000U;cloudType=Consumer;environment=Prod_EastAsia_000d;migrationStage=NotStarted}
{"logTime": "0107/122132", "correlationVector":"4FmoCDQOP5ZtXAG5UgNOlZ","action":"Commit Request", "result":"", "context":Item count: 1
Contributing types: Sessions}
{"logTime": "0107/122132", "correlationVector":"4FmoCDQOP5ZtXAG5UgNOlZ.1","action":"SyncServerConnectionManagerRequest", "result":"SYNC_SERVER_OK", "context":{"environment":"Prod_EastAsia_000d", "migrationStage":"NotStarted", "server":"GENERAL01000012"}}
{"logTime": "0107/122132", "correlationVector":"4FmoCDQOP5ZtXAG5UgNOlZ.2","action":"Commit Response", "result":"SYNCER_OK", "context":Result: SYNCER_OK. cV=4FmoCDQOP5ZtXAG5UgNOlZ.0;server=GENERAL01000012;cloudType=Consumer;environment=Prod_EastAsia_000d;migrationStage=NotStarted}
{"logTime": "0107/122203", "correlationVector":"8/rlGf/fYHK1tey1snqyOm","action":"Commit Request", "result":"", "context":Item count: 1
Contributing types: Sessions}
{"logTime": "0107/122203", "correlationVector":"8/rlGf/fYHK1tey1snqyOm.1","action":"SyncServerConnectionManagerRequest", "result":"SYNC_SERVER_OK", "context":{"environment":"Prod_EastAsia_000d", "migrationStage":"NotStarted", "server":"GENERAL0100001A"}}
{"logTime": "0107/122203", "correlationVector":"8/rlGf/fYHK1tey1snqyOm.2","action":"Commit Response", "result":"SYNCER_OK", "context":Result: SYNCER_OK. cV=8/rlGf/fYHK1tey1snqyOm.0;server=GENERAL0100001A;cloudType=Consumer;environment=Prod_EastAsia_000d;migrationStage=NotStarted}
{"logTime": "0107/122333", "correlationVector":"YCniCxv1afE97ZGpCikF70","action":"Commit Request", "result":"", "context":Item count: 1
Contributing types: Sessions}
{"logTime": "0107/122334", "correlationVector":"YCniCxv1afE97ZGpCikF70.1","action":"SyncServerConnectionManagerRequest", "result":"SYNC_SERVER_OK", "context":{"environment":"Prod_EastAsia_000d", "migrationStage":"NotStarted", "server":"GENERAL0100000D"}}
{"logTime": "0107/122334", "correlationVector":"YCniCxv1afE97ZGpCikF70.2","action":"Commit Response", "result":"SYNCER_OK", "context":Result: SYNCER_OK. cV=YCniCxv1afE97ZGpCikF70.0;server=GENERAL0100000D;cloudType=Consumer;environment=Prod_EastAsia_000d;migrationStage=NotStarted}
{"logTime": "0107/122409", "correlationVector":"My1KI0yIpE/LY7eZWLyFVh","action":"Commit Request", "result":"", "context":Item count: 1
Contributing types: Sessions}
{"logTime": "0107/122409", "correlationVector":"My1KI0yIpE/LY7eZWLyFVh.1","action":"SyncServerConnectionManagerRequest", "result":"SYNC_SERVER_OK", "context":{"environment":"Prod_EastAsia_000d", "migrationStage":"NotStarted", "server":"GENERAL0100001S"}}
{"logTime": "0107/122409", "correlationVector":"My1KI0yIpE/LY7eZWLyFVh.2","action":"Commit Response", "result":"SYNCER_OK", "context":Result: SYNCER_OK. cV=My1KI0yIpE/LY7eZWLyFVh.0;server=GENERAL0100001S;cloudType=Consumer;environment=Prod_EastAsia_000d;migrationStage=NotStarted}
{"logTime": "0107/122445", "correlationVector":"+DILmZb5+KirNsjmRTk+Rs","action":"Commit Request", "result":"", "context":Item count: 1
Contributing types: Sessions}
{"logTime": "0107/122446", "correlationVector":"+DILmZb5+KirNsjmRTk+Rs.1","action":"SyncServerConnectionManagerRequest", "result":"SYNC_SERVER_OK", "context":{"environment":"Prod_EastAsia_000d", "migrationStage":"NotStarted", "server":"GENERAL0100001C"}}
{"logTime": "0107/122446", "correlationVector":"+DILmZb5+KirNsjmRTk+Rs.2","action":"Commit Response", "result":"SYNCER_OK", "context":Result: SYNCER_OK. cV=+DILmZb5+KirNsjmRTk+Rs.0;server=GENERAL0100001C;cloudType=Consumer;environment=Prod_EastAsia_000d;migrationStage=NotStarted}
{"logTime": "0107/122523", "correlationVector":"mDmBLEv+x1jWfUFYlYHvWu","action":"Commit Request", "result":"", "context":Item count: 1
Contributing types: Sessions}
{"logTime": "0107/122524", "correlationVector":"mDmBLEv+x1jWfUFYlYHvWu.1","action":"SyncServerConnectionManagerRequest", "result":"SYNC_SERVER_OK", "context":{"environment":"Prod_EastAsia_000d", "migrationStage":"NotStarted", "server":"general01000019"}}
{"logTime": "0107/122524", "correlationVector":"mDmBLEv+x1jWfUFYlYHvWu.2","action":"Commit Response", "result":"SYNCER_OK", "context":Result: SYNCER_OK. cV=mDmBLEv+x1jWfUFYlYHvWu.0;server=general01000019;cloudType=Consumer;environment=Prod_EastAsia_000d;migrationStage=NotStarted}
{"logTime": "0107/122602", "correlationVector":"exfYofNVB4ETZjSGOR50OA","action":"Commit Request", "result":"", "context":Item count: 1
Contributing types: Sessions}
{"logTime": "0107/122602", "correlationVector":"exfYofNVB4ETZjSGOR50OA.1","action":"SyncServerConnectionManagerRequest", "result":"SYNC_SERVER_OK", "context":{"environment":"Prod_EastAsia_000d", "migrationStage":"NotStarted", "server":"GENERAL01000013"}}
{"logTime": "0107/122602", "correlationVector":"exfYofNVB4ETZjSGOR50OA.2","action":"Commit Response", "result":"SYNCER_OK", "context":Result: SYNCER_OK. cV=exfYofNVB4ETZjSGOR50OA.0;server=GENERAL01000013;cloudType=Consumer;environment=Prod_EastAsia_000d;migrationStage=NotStarted}
{"logTime": "0107/122708", "correlationVector":"xEnnQnvU2Z3C3UYcGKuWrV","action":"Commit Request", "result":"", "context":Item count: 1
Contributing types: Sessions}
{"logTime": "0107/122709", "correlationVector":"xEnnQnvU2Z3C3UYcGKuWrV.1","action":"SyncServerConnectionManagerRequest", "result":"SYNC_SERVER_OK", "context":{"environment":"Prod_EastAsia_000d", "migrationStage":"NotStarted", "server":"GENERAL0300002J"}}
{"logTime": "0107/122709", "correlationVector":"xEnnQnvU2Z3C3UYcGKuWrV.2","action":"Commit Response", "result":"SYNCER_OK", "context":Result: SYNCER_OK. cV=xEnnQnvU2Z3C3UYcGKuWrV.0;server=GENERAL0300002J;cloudType=Consumer;environment=Prod_EastAsia_000d;migrationStage=NotStarted}
{"logTime": "0107/122756", "correlationVector":"uFgYCAnalgiKe5Bi3yjxxS","action":"Commit Request", "result":"", "context":Item count: 1
Contributing types: Sessions}
{"logTime": "0107/122756", "correlationVector":"uFgYCAnalgiKe5Bi3yjxxS.1","action":"SyncServerConnectionManagerRequest", "result":"SYNC_SERVER_OK", "context":{"environment":"Prod_EastAsia_000d", "migrationStage":"NotStarted", "server":"GENERAL0100000U"}}
{"logTime": "0107/122756", "correlationVector":"uFgYCAnalgiKe5Bi3yjxxS.2","action":"Commit Response", "result":"SYNCER_OK", "context":Result: SYNCER_OK. cV=uFgYCAnalgiKe5Bi3yjxxS.0;server=GENERAL0100000U;cloudType=Consumer;environment=Prod_EastAsia_000d;migrationStage=NotStarted}
{"logTime": "0107/122830", "correlationVector":"Holdugu6ZLvOqjOZ83G1di","action":"Commit Request", "result":"", "context":Item count: 1
Contributing types: Sessions}
{"logTime": "0107/122831", "correlationVector":"Holdugu6ZLvOqjOZ83G1di.1","action":"SyncServerConnectionManagerRequest", "result":"SYNC_SERVER_OK", "context":{"environment":"Prod_EastAsia_000d", "migrationStage":"NotStarted", "server":"GENERAL01000026"}}
{"logTime": "0107/122831", "correlationVector":"Holdugu6ZLvOqjOZ83G1di.2","action":"Commit Response", "result":"SYNCER_OK", "context":Result: SYNCER_OK. cV=Holdugu6ZLvOqjOZ83G1di.0;server=GENERAL01000026;cloudType=Consumer;environment=Prod_EastAsia_000d;migrationStage=NotStarted}
{"logTime": "0107/122949", "correlationVector":"iwZupsNtQ+kFRVX4MeECMa","action":"Commit Request", "result":"", "context":Item count: 1
Contributing types: Sessions}
{"logTime": "0107/122950", "correlationVector":"iwZupsNtQ+kFRVX4MeECMa.1","action":"SyncServerConnectionManagerRequest", "result":"SYNC_SERVER_OK", "context":{"environment":"Prod_EastAsia_000d", "migrationStage":"NotStarted", "server":"GENERAL01000020"}}
{"logTime": "0107/122950", "correlationVector":"iwZupsNtQ+kFRVX4MeECMa.2","action":"Commit Response", "result":"SYNCER_OK", "context":Result: SYNCER_OK. cV=iwZupsNtQ+kFRVX4MeECMa.0;server=GENERAL01000020;cloudType=Consumer;environment=Prod_EastAsia_000d;migrationStage=NotStarted}
{"logTime": "0107/123042", "correlationVector":"DjlS2NFxObnuHaqu7gzood","action":"Commit Request", "result":"", "context":Item count: 1
Contributing types: Sessions}
{"logTime": "0107/123043", "correlationVector":"DjlS2NFxObnuHaqu7gzood.1","action":"SyncServerConnectionManagerRequest", "result":"SYNC_SERVER_OK", "context":{"environment":"Prod_EastAsia_000d", "migrationStage":"NotStarted", "server":"GENERAL0100000P"}}
{"logTime": "0107/123043", "correlationVector":"DjlS2NFxObnuHaqu7gzood.2","action":"Commit Response", "result":"SYNCER_OK", "context":Result: SYNCER_OK. cV=DjlS2NFxObnuHaqu7gzood.0;server=GENERAL0100000P;cloudType=Consumer;environment=Prod_EastAsia_000d;migrationStage=NotStarted}
{"logTime": "0107/123120", "correlationVector":"lEXOxQmpqoBLF/GdLkPzUN","action":"Commit Request", "result":"", "context":Item count: 1
Contributing types: Sessions}
{"logTime": "0107/123120", "correlationVector":"lEXOxQmpqoBLF/GdLkPzUN.1","action":"SyncServerConnectionManagerRequest", "result":"SYNC_SERVER_OK", "context":{"environment":"Prod_EastAsia_000d", "migrationStage":"NotStarted", "server":"GENERAL01000013"}}
{"logTime": "0107/123120", "correlationVector":"lEXOxQmpqoBLF/GdLkPzUN.2","action":"Commit Response", "result":"SYNCER_OK", "context":Result: SYNCER_OK. cV=lEXOxQmpqoBLF/GdLkPzUN.0;server=GENERAL01000013;cloudType=Consumer;environment=Prod_EastAsia_000d;migrationStage=NotStarted}
{"logTime": "0107/123151", "correlationVector":"MFKWXE6sj5KKxI0GjnVb1i","action":"Commit Request", "result":"", "context":Item count: 1
Contributing types: Sessions}
{"logTime": "0107/123152", "correlationVector":"MFKWXE6sj5KKxI0GjnVb1i.1","action":"SyncServerConnectionManagerRequest", "result":"SYNC_SERVER_OK", "context":{"environment":"Prod_EastAsia_000d", "migrationStage":"NotStarted", "server":"GENERAL01000020"}}
{"logTime": "0107/123152", "correlationVector":"MFKWXE6sj5KKxI0GjnVb1i.2","action":"Commit Response", "result":"SYNCER_OK", "context":Result: SYNCER_OK. cV=MFKWXE6sj5KKxI0GjnVb1i.0;server=GENERAL01000020;cloudType=Consumer;environment=Prod_EastAsia_000d;migrationStage=NotStarted}
{"logTime": "0107/123239", "correlationVector":"l15qde4msBnXswnhDtr7iA","action":"Commit Request", "result":"", "context":Item count: 1
Contributing types: Sessions}
{"logTime": "0107/123240", "correlationVector":"l15qde4msBnXswnhDtr7iA.1","action":"SyncServerConnectionManagerRequest", "result":"SYNC_SERVER_OK", "context":{"environment":"Prod_EastAsia_000d", "migrationStage":"NotStarted", "server":"GENERAL0100001D"}}
{"logTime": "0107/123240", "correlationVector":"l15qde4msBnXswnhDtr7iA.2","action":"Commit Response", "result":"SYNCER_OK", "context":Result: SYNCER_OK. cV=l15qde4msBnXswnhDtr7iA.0;server=GENERAL0100001D;cloudType=Consumer;environment=Prod_EastAsia_000d;migrationStage=NotStarted}
{"logTime": "0107/123314", "correlationVector":"kFoAc3jUbRCOdg/aMrU4+o","action":"Commit Request", "result":"", "context":Item count: 1
Contributing types: Sessions}
{"logTime": "0107/123314", "correlationVector":"kFoAc3jUbRCOdg/aMrU4+o.1","action":"SyncServerConnectionManagerRequest", "result":"SYNC_SERVER_OK", "context":{"environment":"Prod_EastAsia_000d", "migrationStage":"NotStarted", "server":"GENERAL01000026"}}
{"logTime": "0107/123314", "correlationVector":"kFoAc3jUbRCOdg/aMrU4+o.2","action":"Commit Response", "result":"SYNCER_OK", "context":Result: SYNCER_OK. cV=kFoAc3jUbRCOdg/aMrU4+o.0;server=GENERAL01000026;cloudType=Consumer;environment=Prod_EastAsia_000d;migrationStage=NotStarted}
{"logTime": "0107/123402", "correlationVector":"YNQG1DOorvnOAcfoB5DdgR","action":"Commit Request", "result":"", "context":Item count: 1
Contributing types: Sessions}
{"logTime": "0107/123402", "correlationVector":"YNQG1DOorvnOAcfoB5DdgR.1","action":"SyncServerConnectionManagerRequest", "result":"SYNC_SERVER_OK", "context":{"environment":"Prod_EastAsia_000d", "migrationStage":"NotStarted", "server":"GENERAL0300002J"}}
{"logTime": "0107/123402", "correlationVector":"YNQG1DOorvnOAcfoB5DdgR.2","action":"Commit Response", "result":"SYNCER_OK", "context":Result: SYNCER_OK. cV=YNQG1DOorvnOAcfoB5DdgR.0;server=GENERAL0300002J;cloudType=Consumer;environment=Prod_EastAsia_000d;migrationStage=NotStarted}
{"logTime": "0107/123445", "correlationVector":"/FAjlsjt79dlPauuPRsI0h","action":"Commit Request", "result":"", "context":Item count: 1
Contributing types: Sessions}
{"logTime": "0107/123446", "correlationVector":"/FAjlsjt79dlPauuPRsI0h.1","action":"SyncServerConnectionManagerRequest", "result":"SYNC_SERVER_OK", "context":{"environment":"Prod_EastAsia_000d", "migrationStage":"NotStarted", "server":"GENERAL0100000U"}}
{"logTime": "0107/123446", "correlationVector":"/FAjlsjt79dlPauuPRsI0h.2","action":"Commit Response", "result":"SYNCER_OK", "context":Result: SYNCER_OK. cV=/FAjlsjt79dlPauuPRsI0h.0;server=GENERAL0100000U;cloudType=Consumer;environment=Prod_EastAsia_000d;migrationStage=NotStarted}
{"logTime": "0107/123517", "correlationVector":"fh4z7nFPdkFpExXQBCCOVv","action":"Commit Request", "result":"", "context":Item count: 1
Contributing types: Sessions}
{"logTime": "0107/123518", "correlationVector":"fh4z7nFPdkFpExXQBCCOVv.1","action":"SyncServerConnectionManagerRequest", "result":"SYNC_SERVER_OK", "context":{"environment":"Prod_EastAsia_000d", "migrationStage":"NotStarted", "server":"GENERAL0300001U"}}
{"logTime": "0107/123518", "correlationVector":"fh4z7nFPdkFpExXQBCCOVv.2","action":"Commit Response", "result":"SYNCER_OK", "context":Result: SYNCER_OK. cV=fh4z7nFPdkFpExXQBCCOVv.0;server=GENERAL0300001U;cloudType=Consumer;environment=Prod_EastAsia_000d;migrationStage=NotStarted}
{"logTime": "0107/124307", "correlationVector":"MN0dT2cdoFyEGTYdXdyHYX","action":"Commit Request", "result":"", "context":Item count: 1
Contributing types: Sessions}
{"logTime": "0107/124308", "correlationVector":"MN0dT2cdoFyEGTYdXdyHYX.1","action":"SyncServerConnectionManagerRequest", "result":"SYNC_SERVER_OK", "context":{"environment":"Prod_EastAsia_000d", "migrationStage":"NotStarted", "server":"GENERAL0100001K"}}
{"logTime": "0107/124308", "correlationVector":"MN0dT2cdoFyEGTYdXdyHYX.2","action":"Commit Response", "result":"SYNCER_OK", "context":Result: SYNCER_OK. cV=MN0dT2cdoFyEGTYdXdyHYX.0;server=GENERAL0100001K;cloudType=Consumer;environment=Prod_EastAsia_000d;migrationStage=NotStarted}
{"logTime": "0107/124342", "correlationVector":"eCeW2OOBxLoMYHnq0qzl4G","action":"Commit Request", "result":"", "context":Item count: 1
Contributing types: Sessions}
{"logTime": "0107/124342", "correlationVector":"eCeW2OOBxLoMYHnq0qzl4G.1","action":"SyncServerConnectionManagerRequest", "result":"SYNC_SERVER_OK", "context":{"environment":"Prod_EastAsia_000d", "migrationStage":"NotStarted", "server":"GENERAL0300001U"}}
{"logTime": "0107/124342", "correlationVector":"eCeW2OOBxLoMYHnq0qzl4G.2","action":"Commit Response", "result":"SYNCER_OK", "context":Result: SYNCER_OK. cV=eCeW2OOBxLoMYHnq0qzl4G.0;server=GENERAL0300001U;cloudType=Consumer;environment=Prod_EastAsia_000d;migrationStage=NotStarted}
{"logTime": "0107/124516", "correlationVector":"vj7k1iFeJwiMECZYDqWWgB","action":"Commit Request", "result":"", "context":Item count: 1
Contributing types: Sessions}
{"logTime": "0107/124517", "correlationVector":"vj7k1iFeJwiMECZYDqWWgB.1","action":"SyncServerConnectionManagerRequest", "result":"SYNC_SERVER_OK", "context":{"environment":"Prod_EastAsia_000d", "migrationStage":"NotStarted", "server":"GENERAL0100001S"}}
{"logTime": "0107/124517", "correlationVector":"vj7k1iFeJwiMECZYDqWWgB.2","action":"Commit Response", "result":"SYNCER_OK", "context":Result: SYNCER_OK. cV=vj7k1iFeJwiMECZYDqWWgB.0;server=GENERAL0100001S;cloudType=Consumer;environment=Prod_EastAsia_000d;migrationStage=NotStarted}
{"logTime": "0107/124551", "correlationVector":"ywghwiaItniW1SgaA3yzcT","action":"Commit Request", "result":"", "context":Item count: 1
Contributing types: Sessions}
{"logTime": "0107/124551", "correlationVector":"ywghwiaItniW1SgaA3yzcT.1","action":"SyncServerConnectionManagerRequest", "result":"SYNC_SERVER_OK", "context":{"environment":"Prod_EastAsia_000d", "migrationStage":"NotStarted", "server":"GENERAL01000002"}}
{"logTime": "0107/124551", "correlationVector":"ywghwiaItniW1SgaA3yzcT.2","action":"Commit Response", "result":"SYNCER_OK", "context":Result: SYNCER_OK. cV=ywghwiaItniW1SgaA3yzcT.0;server=GENERAL01000002;cloudType=Consumer;environment=Prod_EastAsia_000d;migrationStage=NotStarted}
{"logTime": "0107/124720", "correlationVector":"JYa8EBQfWwHJrZKYjD/i5w","action":"Commit Request", "result":"", "context":Item count: 1
Contributing types: Sessions}
{"logTime": "0107/124721", "correlationVector":"JYa8EBQfWwHJrZKYjD/i5w.1","action":"SyncServerConnectionManagerRequest", "result":"SYNC_SERVER_OK", "context":{"environment":"Prod_EastAsia_000d", "migrationStage":"NotStarted", "server":"GENERAL0100000Z"}}
{"logTime": "0107/124721", "correlationVector":"JYa8EBQfWwHJrZKYjD/i5w.2","action":"Commit Response", "result":"SYNCER_OK", "context":Result: SYNCER_OK. cV=JYa8EBQfWwHJrZKYjD/i5w.0;server=GENERAL0100000Z;cloudType=Consumer;environment=Prod_EastAsia_000d;migrationStage=NotStarted}
{"logTime": "0107/124847", "correlationVector":"40DU2Cx05AOw4JnGpfrwdu","action":"Commit Request", "result":"", "context":Item count: 1
Contributing types: Sessions}
{"logTime": "0107/124847", "correlationVector":"40DU2Cx05AOw4JnGpfrwdu.1","action":"SyncServerConnectionManagerRequest", "result":"SYNC_SERVER_OK", "context":{"environment":"Prod_EastAsia_000d", "migrationStage":"NotStarted", "server":"GENERAL0100001C"}}
{"logTime": "0107/124847", "correlationVector":"40DU2Cx05AOw4JnGpfrwdu.2","action":"Commit Response", "result":"SYNCER_OK", "context":Result: SYNCER_OK. cV=40DU2Cx05AOw4JnGpfrwdu.0;server=GENERAL0100001C;cloudType=Consumer;environment=Prod_EastAsia_000d;migrationStage=NotStarted}
{"logTime": "0107/125308", "correlationVector":"TslZYHL8Zi4sGy39GBkr6Z.1","action":"SyncServerConnectionManagerRequest", "result":"SYNC_SERVER_OK", "context":{"environment":"Prod_EastAsia_000d", "migrationStage":"NotStarted", "server":"GENERAL0100001K"}}
{"logTime": "0107/125308", "correlationVector":"TslZYHL8Zi4sGy39GBkr6Z","action":"Initial GetUpdates", "result":"", "context":Reason: NEW_CLIENT. cV=TslZYHL8Zi4sGy39GBkr6Z}
{"logTime": "0107/125308", "correlationVector":"TslZYHL8Zi4sGy39GBkr6Z.2","action":"GetUpdates Response", "result":"SYNCER_OK", "context":Received 1 update(s). cV=TslZYHL8Zi4sGy39GBkr6Z.0;server=GENERAL0100001K;cloudType=Consumer;environment=Prod_EastAsia_000d;migrationStage=NotStarted}
{"logTime": "0107/125308", "correlationVector":"aoTnzZ88GdbYJWFhnxrCFi","action":"SyncServerConnectionManagerRequest", "result":"SYNC_SERVER_OK", "context":{"environment":"", "migrationStage":"", "server":""}}
{"logTime": "0107/125308", "correlationVector":"Gnd3VHFB9VImnleJcw/clD","action":"Initial GetUpdates", "result":"", "context":Reason: NEWLY_SUPPORTED_DATATYPE. cV=Gnd3VHFB9VImnleJcw/clD}
{"logTime": "0107/125308", "correlationVector":"Gnd3VHFB9VImnleJcw/clD.1","action":"SyncServerConnectionManagerRequest", "result":"SYNC_SERVER_OK", "context":{"environment":"Prod_EastAsia_000d", "migrationStage":"NotStarted", "server":"GENERAL01000013"}}
{"logTime": "0107/125308", "correlationVector":"Gnd3VHFB9VImnleJcw/clD.2","action":"GetUpdates Response", "result":"SYNCER_OK", "context":Received 2 update(s). cV=Gnd3VHFB9VImnleJcw/clD.0;server=GENERAL01000013;cloudType=Consumer;environment=Prod_EastAsia_000d;migrationStage=NotStarted}
{"logTime": "0107/125308", "correlationVector":"bCExjnZKvxaYmTz3LTvoCC","action":"Normal GetUpdate request", "result":"", "context":cV=bCExjnZKvxaYmTz3LTvoCC
Nudged types: Sessions
Refresh requested types: Bookmarks, Preferences, Passwords, Autofill Profiles, Autofill, Autofill Custom Data, Typed URLs, Extensions, Sessions, Extension settings, History Delete Directives, Device Info, User Consents, Send Tab To Self, Web Apps, Collection, Edge E Drop, Edge Hub App Usage, Edge Wallet, Encryption Keys}
{"logTime": "0107/125308", "correlationVector":"bCExjnZKvxaYmTz3LTvoCC.1","action":"SyncServerConnectionManagerRequest", "result":"SYNC_SERVER_OK", "context":{"environment":"Prod_EastAsia_000d", "migrationStage":"NotStarted", "server":"GENERAL0100001Q"}}
{"logTime": "0107/125308", "correlationVector":"bCExjnZKvxaYmTz3LTvoCC.2","action":"GetUpdates Response", "result":"SYNCER_OK", "context":Received 1 update(s). cV=bCExjnZKvxaYmTz3LTvoCC.0;server=GENERAL0100001Q;cloudType=Consumer;environment=Prod_EastAsia_000d;migrationStage=NotStarted}
{"logTime": "0107/125308", "correlationVector":"EFyNCwDO1iRfWA1L4Yr2hq","action":"Commit Request", "result":"", "context":Item count: 3
Contributing types: Sessions}
{"logTime": "0107/125308", "correlationVector":"EFyNCwDO1iRfWA1L4Yr2hq.1","action":"SyncServerConnectionManagerRequest", "result":"SYNC_SERVER_OK", "context":{"environment":"Prod_EastAsia_000d", "migrationStage":"NotStarted", "server":"GENERAL0100000Z"}}
{"logTime": "0107/125308", "correlationVector":"EFyNCwDO1iRfWA1L4Yr2hq.3","action":"Commit.Sessions", "result":"Success", "context":{"id":"21f813fa-d157-4b39-812e-6f42bf9a3743", "isDeleted":"true", "size":"0", "version":"1704631727503"}}
{"logTime": "0107/125308", "correlationVector":"EFyNCwDO1iRfWA1L4Yr2hq.2","action":"Commit Response", "result":"SYNCER_OK", "context":Result: SYNCER_OK. cV=EFyNCwDO1iRfWA1L4Yr2hq.0;server=GENERAL0100000Z;cloudType=Consumer;environment=Prod_EastAsia_000d;migrationStage=NotStarted}
{"logTime": "0107/125310", "correlationVector":"+s3p3AEge2IZxLzm7IUG+4","action":"Normal GetUpdate request", "result":"", "context":cV=+s3p3AEge2IZxLzm7IUG+4
Nudged types: Sessions, Edge Hub App Usage}
{"logTime": "0107/125311", "correlationVector":"+s3p3AEge2IZxLzm7IUG+4.1","action":"SyncServerConnectionManagerRequest", "result":"SYNC_SERVER_OK", "context":{"environment":"Prod_EastAsia_000d", "migrationStage":"NotStarted", "server":"GENERAL0100001G"}}
{"logTime": "0107/125311", "correlationVector":"+s3p3AEge2IZxLzm7IUG+4.2","action":"GetUpdates", "result":"DeleteReceived", "context":{"id":"21f813fa-d157-4b39-812e-6f42bf9a3743", "isDeleted:":"true", "version":"1704631983123"}}
{"logTime": "0107/125311", "correlationVector":"+s3p3AEge2IZxLzm7IUG+4.3","action":"GetUpdates Response", "result":"SYNCER_OK", "context":Received 3 update(s). cV=+s3p3AEge2IZxLzm7IUG+4.0;server=GENERAL0100001G;cloudType=Consumer;environment=Prod_EastAsia_000d;migrationStage=NotStarted}
{"logTime": "0107/125311", "correlationVector":"L4AhPmRO9pasJPMRvDTvjU","action":"Commit Request", "result":"", "context":Item count: 2
Contributing types: Sessions, Edge Hub App Usage}
{"logTime": "0107/125312", "correlationVector":"L4AhPmRO9pasJPMRvDTvjU.1","action":"SyncServerConnectionManagerRequest", "result":"SYNC_SERVER_OK", "context":{"environment":"Prod_EastAsia_000d", "migrationStage":"NotStarted", "server":"GENERAL0100001Z"}}
{"logTime": "0107/125312", "correlationVector":"L4AhPmRO9pasJPMRvDTvjU.2","action":"Commit Response", "result":"SYNCER_OK", "context":Result: SYNCER_OK. cV=L4AhPmRO9pasJPMRvDTvjU.0;server=GENERAL0100001Z;cloudType=Consumer;environment=Prod_EastAsia_000d;migrationStage=NotStarted}
{"logTime": "0107/125415", "correlationVector":"Ig+DWsKIJzky0g31YVe0li","action":"Commit Request", "result":"", "context":Item count: 1
Contributing types: Sessions}
{"logTime": "0107/125416", "correlationVector":"Ig+DWsKIJzky0g31YVe0li.1","action":"SyncServerConnectionManagerRequest", "result":"SYNC_SERVER_OK", "context":{"environment":"Prod_EastAsia_000d", "migrationStage":"NotStarted", "server":"GENERAL01000002"}}
{"logTime": "0107/125416", "correlationVector":"Ig+DWsKIJzky0g31YVe0li.2","action":"Commit Response", "result":"SYNCER_OK", "context":Result: SYNCER_OK. cV=Ig+DWsKIJzky0g31YVe0li.0;server=GENERAL01000002;cloudType=Consumer;environment=Prod_EastAsia_000d;migrationStage=NotStarted}
{"logTime": "0107/125516", "correlationVector":"/V8PKP+Pd+uyk1YJG6jKsp","action":"Commit Request", "result":"", "context":Item count: 1
Contributing types: Sessions}
{"logTime": "0107/125517", "correlationVector":"/V8PKP+Pd+uyk1YJG6jKsp.1","action":"SyncServerConnectionManagerRequest", "result":"SYNC_SERVER_OK", "context":{"environment":"Prod_EastAsia_000d", "migrationStage":"NotStarted", "server":"GENERAL01000022"}}
{"logTime": "0107/125517", "correlationVector":"/V8PKP+Pd+uyk1YJG6jKsp.2","action":"Commit Response", "result":"SYNCER_OK", "context":Result: SYNCER_OK. cV=/V8PKP+Pd+uyk1YJG6jKsp.0;server=GENERAL01000022;cloudType=Consumer;environment=Prod_EastAsia_000d;migrationStage=NotStarted}
{"logTime": "0107/125552", "correlationVector":"ly5P6vwEFrTOyzVyiNfrK0","action":"Commit Request", "result":"", "context":Item count: 1
Contributing types: Sessions}
{"logTime": "0107/125552", "correlationVector":"ly5P6vwEFrTOyzVyiNfrK0.1","action":"SyncServerConnectionManagerRequest", "result":"SYNC_SERVER_OK", "context":{"environment":"Prod_EastAsia_000d", "migrationStage":"NotStarted", "server":"GENERAL0100000W"}}
{"logTime": "0107/125552", "correlationVector":"ly5P6vwEFrTOyzVyiNfrK0.2","action":"Commit Response", "result":"SYNCER_OK", "context":Result: SYNCER_OK. cV=ly5P6vwEFrTOyzVyiNfrK0.0;server=GENERAL0100000W;cloudType=Consumer;environment=Prod_EastAsia_000d;migrationStage=NotStarted}
{"logTime": "0107/125800", "correlationVector":"c0E8G5PoGSnrD9M7FcD2x8","action":"Normal GetUpdate request", "result":"", "context":cV=c0E8G5PoGSnrD9M7FcD2x8
Nudged types: Sessions
Refresh requested types: Bookmarks, Preferences, Passwords, Autofill Profiles, Autofill, Autofill Custom Data, Typed URLs, Extensions, Sessions, Extension settings, History Delete Directives, Device Info, User Consents, Send Tab To Self, Web Apps, Collection, Edge E Drop, Edge Hub App Usage, Edge Wallet, Encryption Keys}
{"logTime": "0107/125801", "correlationVector":"c0E8G5PoGSnrD9M7FcD2x8.1","action":"SyncServerConnectionManagerRequest", "result":"SYNC_SERVER_OK", "context":{"environment":"Prod_EastAsia_000d", "migrationStage":"NotStarted", "server":"GENERAL01000020"}}
{"logTime": "0107/125801", "correlationVector":"c0E8G5PoGSnrD9M7FcD2x8.2","action":"GetUpdates Response", "result":"SYNCER_OK", "context":Received 2 update(s). cV=c0E8G5PoGSnrD9M7FcD2x8.0;server=GENERAL01000020;cloudType=Consumer;environment=Prod_EastAsia_000d;migrationStage=NotStarted}
{"logTime": "0107/125801", "correlationVector":"Ie9T+ZhlPYNbJgFNGjyXGJ","action":"Commit Request", "result":"", "context":Item count: 1
Contributing types: Sessions}
{"logTime": "0107/125801", "correlationVector":"Ie9T+ZhlPYNbJgFNGjyXGJ.1","action":"SyncServerConnectionManagerRequest", "result":"SYNC_SERVER_OK", "context":{"environment":"Prod_EastAsia_000d", "migrationStage":"NotStarted", "server":"GENERAL01000021"}}
{"logTime": "0107/125801", "correlationVector":"Ie9T+ZhlPYNbJgFNGjyXGJ.2","action":"Commit Response", "result":"SYNCER_OK", "context":Result: SYNCER_OK. cV=Ie9T+ZhlPYNbJgFNGjyXGJ.0;server=GENERAL01000021;cloudType=Consumer;environment=Prod_EastAsia_000d;migrationStage=NotStarted}
{"logTime": "0107/130520", "correlationVector":"OkF3Uoy86YN7U67oZqI5iL","action":"Commit Request", "result":"", "context":Item count: 1
Contributing types: Sessions}
{"logTime": "0107/130521", "correlationVector":"OkF3Uoy86YN7U67oZqI5iL.1","action":"SyncServerConnectionManagerRequest", "result":"SYNC_SERVER_OK", "context":{"environment":"Prod_EastAsia_000d", "migrationStage":"NotStarted", "server":"GENERAL0100001G"}}
{"logTime": "0107/130521", "correlationVector":"OkF3Uoy86YN7U67oZqI5iL.2","action":"Commit Response", "result":"SYNCER_OK", "context":Result: SYNCER_OK. cV=OkF3Uoy86YN7U67oZqI5iL.0;server=GENERAL0100001G;cloudType=Consumer;environment=Prod_EastAsia_000d;migrationStage=NotStarted}
{"logTime": "0107/130623", "correlationVector":"l2ELyxyynz2fj5nyERiIu4","action":"Commit Request", "result":"", "context":Item count: 1
Contributing types: Sessions}
{"logTime": "0107/130624", "correlationVector":"l2ELyxyynz2fj5nyERiIu4.1","action":"SyncServerConnectionManagerRequest", "result":"SYNC_SERVER_OK", "context":{"environment":"Prod_EastAsia_000d", "migrationStage":"NotStarted", "server":"GENERAL01000004"}}
{"logTime": "0107/130624", "correlationVector":"l2ELyxyynz2fj5nyERiIu4.2","action":"Commit Response", "result":"SYNCER_OK", "context":Result: SYNCER_OK. cV=l2ELyxyynz2fj5nyERiIu4.0;server=GENERAL01000004;cloudType=Consumer;environment=Prod_EastAsia_000d;migrationStage=NotStarted}
{"logTime": "0107/130715", "correlationVector":"IDf1BlJc6vcpw2EH74KCVO","action":"Commit Request", "result":"", "context":Item count: 1
Contributing types: Sessions}
{"logTime": "0107/130715", "correlationVector":"IDf1BlJc6vcpw2EH74KCVO.1","action":"SyncServerConnectionManagerRequest", "result":"SYNC_SERVER_OK", "context":{"environment":"Prod_EastAsia_000d", "migrationStage":"NotStarted", "server":"GENERAL0100000Z"}}
{"logTime": "0107/130715", "correlationVector":"IDf1BlJc6vcpw2EH74KCVO.2","action":"Commit Response", "result":"SYNCER_OK", "context":Result: SYNCER_OK. cV=IDf1BlJc6vcpw2EH74KCVO.0;server=GENERAL0100000Z;cloudType=Consumer;environment=Prod_EastAsia_000d;migrationStage=NotStarted}
{"logTime": "0107/130857", "correlationVector":"bEH+qap/wm50y8wo0etUj3","action":"Commit Request", "result":"", "context":Item count: 1
Contributing types: Sessions}
{"logTime": "0107/130857", "correlationVector":"bEH+qap/wm50y8wo0etUj3.1","action":"SyncServerConnectionManagerRequest", "result":"SYNC_SERVER_OK", "context":{"environment":"Prod_EastAsia_000d", "migrationStage":"NotStarted", "server":"GENERAL0100001F"}}
{"logTime": "0107/130857", "correlationVector":"bEH+qap/wm50y8wo0etUj3.2","action":"Commit Response", "result":"SYNCER_OK", "context":Result: SYNCER_OK. cV=bEH+qap/wm50y8wo0etUj3.0;server=GENERAL0100001F;cloudType=Consumer;environment=Prod_EastAsia_000d;migrationStage=NotStarted}
{"logTime": "0107/131331", "correlationVector":"7N6Iu2/nSXb1zI4MBeLHy7","action":"Commit Request", "result":"", "context":Item count: 1
Contributing types: Sessions}
{"logTime": "0107/131332", "correlationVector":"7N6Iu2/nSXb1zI4MBeLHy7.1","action":"SyncServerConnectionManagerRequest", "result":"SYNC_SERVER_OK", "context":{"environment":"Prod_EastAsia_000d", "migrationStage":"NotStarted", "server":"general01000019"}}
{"logTime": "0107/131332", "correlationVector":"7N6Iu2/nSXb1zI4MBeLHy7.2","action":"Commit Response", "result":"SYNCER_OK", "context":Result: SYNCER_OK. cV=7N6Iu2/nSXb1zI4MBeLHy7.0;server=general01000019;cloudType=Consumer;environment=Prod_EastAsia_000d;migrationStage=NotStarted}
{"logTime": "0107/131535", "correlationVector":"VKf1KEPlC7Gt19mvQgUtgD","action":"Commit Request", "result":"", "context":Item count: 1
Contributing types: Sessions}
{"logTime": "0107/131535", "correlationVector":"VKf1KEPlC7Gt19mvQgUtgD.1","action":"SyncServerConnectionManagerRequest", "result":"SYNC_SERVER_OK", "context":{"environment":"Prod_EastAsia_000d", "migrationStage":"NotStarted", "server":"GENERAL01000012"}}
{"logTime": "0107/131535", "correlationVector":"VKf1KEPlC7Gt19mvQgUtgD.2","action":"Commit Response", "result":"SYNCER_OK", "context":Result: SYNCER_OK. cV=VKf1KEPlC7Gt19mvQgUtgD.0;server=GENERAL01000012;cloudType=Consumer;environment=Prod_EastAsia_000d;migrationStage=NotStarted}
{"logTime": "0107/131755", "correlationVector":"Dm1nHvE/0EHFyB8ZFLT5rP","action":"Commit Request", "result":"", "context":Item count: 1
Contributing types: Sessions}
{"logTime": "0107/131755", "correlationVector":"Dm1nHvE/0EHFyB8ZFLT5rP.1","action":"SyncServerConnectionManagerRequest", "result":"SYNC_SERVER_OK", "context":{"environment":"Prod_EastAsia_000d", "migrationStage":"NotStarted", "server":"GENERAL01000008"}}
{"logTime": "0107/131755", "correlationVector":"Dm1nHvE/0EHFyB8ZFLT5rP.2","action":"Commit Response", "result":"SYNCER_OK", "context":Result: SYNCER_OK. cV=Dm1nHvE/0EHFyB8ZFLT5rP.0;server=GENERAL01000008;cloudType=Consumer;environment=Prod_EastAsia_000d;migrationStage=NotStarted}
{"logTime": "0107/131842", "correlationVector":"c+af6e8U6gWAAgAHJsT4y2","action":"Commit Request", "result":"", "context":Item count: 1
Contributing types: Sessions}
{"logTime": "0107/131843", "correlationVector":"c+af6e8U6gWAAgAHJsT4y2.1","action":"SyncServerConnectionManagerRequest", "result":"SYNC_SERVER_OK", "context":{"environment":"Prod_EastAsia_000d", "migrationStage":"NotStarted", "server":"GENERAL0100001R"}}
{"logTime": "0107/131843", "correlationVector":"c+af6e8U6gWAAgAHJsT4y2.2","action":"Commit Response", "result":"SYNCER_OK", "context":Result: SYNCER_OK. cV=c+af6e8U6gWAAgAHJsT4y2.0;server=GENERAL0100001R;cloudType=Consumer;environment=Prod_EastAsia_000d;migrationStage=NotStarted}
{"logTime": "0107/132617", "correlationVector":"Luadys1grZJ6Q6scrEf4pe","action":"Commit Request", "result":"", "context":Item count: 1
Contributing types: Sessions}
{"logTime": "0107/132617", "correlationVector":"Luadys1grZJ6Q6scrEf4pe.1","action":"SyncServerConnectionManagerRequest", "result":"SYNC_SERVER_OK", "context":{"environment":"Prod_EastAsia_000d", "migrationStage":"NotStarted", "server":"GENERAL0100001R"}}
{"logTime": "0107/132617", "correlationVector":"Luadys1grZJ6Q6scrEf4pe.2","action":"Commit Response", "result":"SYNCER_OK", "context":Result: SYNCER_OK. cV=Luadys1grZJ6Q6scrEf4pe.0;server=GENERAL0100001R;cloudType=Consumer;environment=Prod_EastAsia_000d;migrationStage=NotStarted}
{"logTime": "0107/133008", "correlationVector":"Dq6O1Y3AmMluPNrxs1e6Pi","action":"Commit Request", "result":"", "context":Item count: 1
Contributing types: Sessions}
{"logTime": "0107/133008", "correlationVector":"Dq6O1Y3AmMluPNrxs1e6Pi.1","action":"SyncServerConnectionManagerRequest", "result":"SYNC_SERVER_OK", "context":{"environment":"Prod_EastAsia_000d", "migrationStage":"NotStarted", "server":"GENERAL01000002"}}
{"logTime": "0107/133008", "correlationVector":"Dq6O1Y3AmMluPNrxs1e6Pi.2","action":"Commit Response", "result":"SYNCER_OK", "context":Result: SYNCER_OK. cV=Dq6O1Y3AmMluPNrxs1e6Pi.0;server=GENERAL01000002;cloudType=Consumer;environment=Prod_EastAsia_000d;migrationStage=NotStarted}
{"logTime": "0107/134650", "correlationVector":"SbDaix7wzE3Oes3TEY+vCN","action":"Commit Request", "result":"", "context":Item count: 1
Contributing types: Sessions}
{"logTime": "0107/134651", "correlationVector":"SbDaix7wzE3Oes3TEY+vCN.1","action":"SyncServerConnectionManagerRequest", "result":"SYNC_SERVER_OK", "context":{"environment":"Prod_EastAsia_000d", "migrationStage":"NotStarted", "server":"GENERAL0100001A"}}
{"logTime": "0107/134651", "correlationVector":"SbDaix7wzE3Oes3TEY+vCN.2","action":"Commit Response", "result":"SYNCER_OK", "context":Result: SYNCER_OK. cV=SbDaix7wzE3Oes3TEY+vCN.0;server=GENERAL0100001A;cloudType=Consumer;environment=Prod_EastAsia_000d;migrationStage=NotStarted}
{"logTime": "0107/134727", "correlationVector":"aueV1dHSJDQlcWWPM9sIVT","action":"Commit Request", "result":"", "context":Item count: 1
Contributing types: Sessions}
{"logTime": "0107/134728", "correlationVector":"aueV1dHSJDQlcWWPM9sIVT.1","action":"SyncServerConnectionManagerRequest", "result":"SYNC_SERVER_OK", "context":{"environment":"Prod_EastAsia_000d", "migrationStage":"NotStarted", "server":"GENERAL0100001Q"}}
{"logTime": "0107/134728", "correlationVector":"aueV1dHSJDQlcWWPM9sIVT.2","action":"Commit Response", "result":"SYNCER_OK", "context":Result: SYNCER_OK. cV=aueV1dHSJDQlcWWPM9sIVT.0;server=GENERAL0100001Q;cloudType=Consumer;environment=Prod_EastAsia_000d;migrationStage=NotStarted}
{"logTime": "0107/134800", "correlationVector":"O5Jm7u27TtKvmYEzMLIsxD","action":"Commit Request", "result":"", "context":Item count: 1
Contributing types: Sessions}
{"logTime": "0107/134800", "correlationVector":"O5Jm7u27TtKvmYEzMLIsxD.1","action":"SyncServerConnectionManagerRequest", "result":"SYNC_SERVER_OK", "context":{"environment":"Prod_EastAsia_000d", "migrationStage":"NotStarted", "server":"GENERAL01000021"}}
{"logTime": "0107/134800", "correlationVector":"O5Jm7u27TtKvmYEzMLIsxD.2","action":"Commit Response", "result":"SYNCER_OK", "context":Result: SYNCER_OK. cV=O5Jm7u27TtKvmYEzMLIsxD.0;server=GENERAL01000021;cloudType=Consumer;environment=Prod_EastAsia_000d;migrationStage=NotStarted}
{"logTime": "0107/134832", "correlationVector":"kzfUVmayKxVBtRdVcJJpCV","action":"Commit Request", "result":"", "context":Item count: 1
Contributing types: Sessions}
{"logTime": "0107/134833", "correlationVector":"kzfUVmayKxVBtRdVcJJpCV.1","action":"SyncServerConnectionManagerRequest", "result":"SYNC_SERVER_OK", "context":{"environment":"Prod_EastAsia_000d", "migrationStage":"NotStarted", "server":"GENERAL0100000V"}}
{"logTime": "0107/134833", "correlationVector":"kzfUVmayKxVBtRdVcJJpCV.2","action":"Commit Response", "result":"SYNCER_OK", "context":Result: SYNCER_OK. cV=kzfUVmayKxVBtRdVcJJpCV.0;server=GENERAL0100000V;cloudType=Consumer;environment=Prod_EastAsia_000d;migrationStage=NotStarted}
{"logTime": "0107/134912", "correlationVector":"xMhxCvNMywgyDh5CxCkBMn","action":"Commit Request", "result":"", "context":Item count: 1
Contributing types: Sessions}
{"logTime": "0107/134912", "correlationVector":"xMhxCvNMywgyDh5CxCkBMn.1","action":"SyncServerConnectionManagerRequest", "result":"SYNC_SERVER_OK", "context":{"environment":"Prod_EastAsia_000d", "migrationStage":"NotStarted", "server":"GENERAL01000009"}}
{"logTime": "0107/134912", "correlationVector":"xMhxCvNMywgyDh5CxCkBMn.2","action":"Commit Response", "result":"SYNCER_OK", "context":Result: SYNCER_OK. cV=xMhxCvNMywgyDh5CxCkBMn.0;server=GENERAL01000009;cloudType=Consumer;environment=Prod_EastAsia_000d;migrationStage=NotStarted}
{"logTime": "0107/134945", "correlationVector":"Oa4MRIf8vCzIyTrU0zhDJ3","action":"Commit Request", "result":"", "context":Item count: 1
Contributing types: Sessions}
{"logTime": "0107/134945", "correlationVector":"Oa4MRIf8vCzIyTrU0zhDJ3.1","action":"SyncServerConnectionManagerRequest", "result":"SYNC_SERVER_OK", "context":{"environment":"Prod_EastAsia_000d", "migrationStage":"NotStarted", "server":"GENERAL0100000V"}}
{"logTime": "0107/134945", "correlationVector":"Oa4MRIf8vCzIyTrU0zhDJ3.2","action":"Commit Response", "result":"SYNCER_OK", "context":Result: SYNCER_OK. cV=Oa4MRIf8vCzIyTrU0zhDJ3.0;server=GENERAL0100000V;cloudType=Consumer;environment=Prod_EastAsia_000d;migrationStage=NotStarted}
{"logTime": "0107/135043", "correlationVector":"xZ34L7SPQTKXtnS5/ncMww","action":"Commit Request", "result":"", "context":Item count: 1
Contributing types: Sessions}
{"logTime": "0107/135044", "correlationVector":"xZ34L7SPQTKXtnS5/ncMww.1","action":"SyncServerConnectionManagerRequest", "result":"SYNC_SERVER_OK", "context":{"environment":"Prod_EastAsia_000d", "migrationStage":"NotStarted", "server":"GENERAL01000026"}}
{"logTime": "0107/135044", "correlationVector":"xZ34L7SPQTKXtnS5/ncMww.2","action":"Commit Response", "result":"SYNCER_OK", "context":Result: SYNCER_OK. cV=xZ34L7SPQTKXtnS5/ncMww.0;server=GENERAL01000026;cloudType=Consumer;environment=Prod_EastAsia_000d;migrationStage=NotStarted}
{"logTime": "0107/135200", "correlationVector":"jQbzt28o4GfNtrRjC6EMU/","action":"Commit Request", "result":"", "context":Item count: 1
Contributing types: Sessions}
{"logTime": "0107/135200", "correlationVector":"jQbzt28o4GfNtrRjC6EMU/.1","action":"SyncServerConnectionManagerRequest", "result":"SYNC_SERVER_OK", "context":{"environment":"Prod_EastAsia_000d", "migrationStage":"NotStarted", "server":"GENERAL0100000C"}}
{"logTime": "0107/135200", "correlationVector":"jQbzt28o4GfNtrRjC6EMU/.2","action":"Commit Response", "result":"SYNCER_OK", "context":Result: SYNCER_OK. cV=jQbzt28o4GfNtrRjC6EMU/.0;server=GENERAL0100000C;cloudType=Consumer;environment=Prod_EastAsia_000d;migrationStage=NotStarted}
{"logTime": "0107/135628", "correlationVector":"anGAegZ0qHHuK9DF6QhmbU","action":"Commit Request", "result":"", "context":Item count: 1
Contributing types: Sessions}
{"logTime": "0107/135628", "correlationVector":"anGAegZ0qHHuK9DF6QhmbU.1","action":"SyncServerConnectionManagerRequest", "result":"SYNC_SERVER_OK", "context":{"environment":"Prod_EastAsia_000d", "migrationStage":"NotStarted", "server":"GENERAL01000013"}}
{"logTime": "0107/135628", "correlationVector":"anGAegZ0qHHuK9DF6QhmbU.2","action":"Commit Response", "result":"SYNCER_OK", "context":Result: SYNCER_OK. cV=anGAegZ0qHHuK9DF6QhmbU.0;server=GENERAL01000013;cloudType=Consumer;environment=Prod_EastAsia_000d;migrationStage=NotStarted}
{"logTime": "0107/135736", "correlationVector":"YMAnuVy1kbOvVn2Ib5j5QX","action":"Normal GetUpdate request", "result":"", "context":cV=YMAnuVy1kbOvVn2Ib5j5QX
Nudged types: Sessions}
{"logTime": "0107/135737", "correlationVector":"YMAnuVy1kbOvVn2Ib5j5QX.1","action":"SyncServerConnectionManagerRequest", "result":"SYNC_SERVER_OK", "context":{"environment":"Prod_EastAsia_000d", "migrationStage":"NotStarted", "server":"GENERAL01000028"}}
{"logTime": "0107/135737", "correlationVector":"YMAnuVy1kbOvVn2Ib5j5QX.2","action":"GetUpdates Response", "result":"SYNCER_OK", "context":Received 1 update(s). cV=YMAnuVy1kbOvVn2Ib5j5QX.0;server=GENERAL01000028;cloudType=Consumer;environment=Prod_EastAsia_000d;migrationStage=NotStarted}
{"logTime": "0107/135737", "correlationVector":"HtGQOL0XLaeMxLOg54id9X","action":"Commit Request", "result":"", "context":Item count: 1
Contributing types: Sessions}
{"logTime": "0107/135737", "correlationVector":"HtGQOL0XLaeMxLOg54id9X.1","action":"SyncServerConnectionManagerRequest", "result":"SYNC_SERVER_OK", "context":{"environment":"Prod_EastAsia_000d", "migrationStage":"NotStarted", "server":"GENERAL0100001A"}}
{"logTime": "0107/135737", "correlationVector":"HtGQOL0XLaeMxLOg54id9X.2","action":"Commit Response", "result":"SYNCER_OK", "context":Result: SYNCER_OK. cV=HtGQOL0XLaeMxLOg54id9X.0;server=GENERAL0100001A;cloudType=Consumer;environment=Prod_EastAsia_000d;migrationStage=NotStarted}
{"logTime": "0107/135807", "correlationVector":"ql3sOr1yjZun/MCWh0xCRV","action":"Normal GetUpdate request", "result":"", "context":cV=ql3sOr1yjZun/MCWh0xCRV
Nudged types: Sessions}
{"logTime": "0107/135808", "correlationVector":"ql3sOr1yjZun/MCWh0xCRV.1","action":"SyncServerConnectionManagerRequest", "result":"SYNC_SERVER_OK", "context":{"environment":"Prod_EastAsia_000d", "migrationStage":"NotStarted", "server":"GENERAL01000008"}}
{"logTime": "0107/135808", "correlationVector":"ql3sOr1yjZun/MCWh0xCRV.2","action":"GetUpdates Response", "result":"SYNCER_OK", "context":Received 1 update(s). cV=ql3sOr1yjZun/MCWh0xCRV.0;server=GENERAL01000008;cloudType=Consumer;environment=Prod_EastAsia_000d;migrationStage=NotStarted}
{"logTime": "0107/135821", "correlationVector":"DJmZMZ9Qz658eDMMG9ZhYI","action":"Normal GetUpdate request", "result":"", "context":cV=DJmZMZ9Qz658eDMMG9ZhYI
Refresh requested types: Bookmarks, Preferences, Passwords, Autofill Profiles, Autofill, Autofill Custom Data, Typed URLs, Extensions, Sessions, Extension settings, History Delete Directives, Device Info, User Consents, Send Tab To Self, Web Apps, Collection, Edge E Drop, Edge Hub App Usage, Edge Wallet, Encryption Keys}
{"logTime": "0107/135821", "correlationVector":"DJmZMZ9Qz658eDMMG9ZhYI.1","action":"SyncServerConnectionManagerRequest", "result":"SYNC_SERVER_OK", "context":{"environment":"Prod_EastAsia_000d", "migrationStage":"NotStarted", "server":"GENERAL01000009"}}
{"logTime": "0107/135821", "correlationVector":"DJmZMZ9Qz658eDMMG9ZhYI.2","action":"GetUpdates Response", "result":"SYNCER_OK", "context":Received 0 update(s). cV=DJmZMZ9Qz658eDMMG9ZhYI.0;server=GENERAL01000009;cloudType=Consumer;environment=Prod_EastAsia_000d;migrationStage=NotStarted}
{"logTime": "0107/140038", "correlationVector":"Np8vcNlzXhCi4ajNASixCX","action":"Commit Request", "result":"", "context":Item count: 1
Contributing types: Sessions}
{"logTime": "0107/140039", "correlationVector":"Np8vcNlzXhCi4ajNASixCX.1","action":"SyncServerConnectionManagerRequest", "result":"SYNC_SERVER_OK", "context":{"environment":"Prod_EastAsia_000d", "migrationStage":"NotStarted", "server":"GENERAL0100000V"}}
{"logTime": "0107/140039", "correlationVector":"Np8vcNlzXhCi4ajNASixCX.2","action":"Commit Response", "result":"SYNCER_OK", "context":Result: SYNCER_OK. cV=Np8vcNlzXhCi4ajNASixCX.0;server=GENERAL0100000V;cloudType=Consumer;environment=Prod_EastAsia_000d;migrationStage=NotStarted}
{"logTime": "0107/140313", "correlationVector":"DoC1aRnlVB/UlgCP1+UNwe","action":"Commit Request", "result":"", "context":Item count: 1
Contributing types: Sessions}
{"logTime": "0107/140314", "correlationVector":"DoC1aRnlVB/UlgCP1+UNwe.1","action":"SyncServerConnectionManagerRequest", "result":"SYNC_SERVER_OK", "context":{"environment":"Prod_EastAsia_000d", "migrationStage":"NotStarted", "server":"GENERAL01000002"}}
{"logTime": "0107/140314", "correlationVector":"DoC1aRnlVB/UlgCP1+UNwe.2","action":"Commit Response", "result":"SYNCER_OK", "context":Result: SYNCER_OK. cV=DoC1aRnlVB/UlgCP1+UNwe.0;server=GENERAL01000002;cloudType=Consumer;environment=Prod_EastAsia_000d;migrationStage=NotStarted}
{"logTime": "0107/140441", "correlationVector":"ms42GZ/MS31bPK3AtcIWy+","action":"Commit Request", "result":"", "context":Item count: 1
Contributing types: Sessions}
{"logTime": "0107/140442", "correlationVector":"ms42GZ/MS31bPK3AtcIWy+.1","action":"SyncServerConnectionManagerRequest", "result":"SYNC_SERVER_OK", "context":{"environment":"Prod_EastAsia_000d", "migrationStage":"NotStarted", "server":"GENERAL0300002J"}}
{"logTime": "0107/140442", "correlationVector":"ms42GZ/MS31bPK3AtcIWy+.2","action":"Commit Response", "result":"SYNCER_OK", "context":Result: SYNCER_OK. cV=ms42GZ/MS31bPK3AtcIWy+.0;server=GENERAL0300002J;cloudType=Consumer;environment=Prod_EastAsia_000d;migrationStage=NotStarted}
{"logTime": "0107/140711", "correlationVector":"JHHfGQ+ebdvdUAg7nuPffA","action":"Commit Request", "result":"", "context":Item count: 1
Contributing types: Sessions}
{"logTime": "0107/140712", "correlationVector":"JHHfGQ+ebdvdUAg7nuPffA.1","action":"SyncServerConnectionManagerRequest", "result":"SYNC_SERVER_OK", "context":{"environment":"Prod_EastAsia_000d", "migrationStage":"NotStarted", "server":"GENERAL0100002A"}}
{"logTime": "0107/140712", "correlationVector":"JHHfGQ+ebdvdUAg7nuPffA.2","action":"Commit Response", "result":"SYNCER_OK", "context":Result: SYNCER_OK. cV=JHHfGQ+ebdvdUAg7nuPffA.0;server=GENERAL0100002A;cloudType=Consumer;environment=Prod_EastAsia_000d;migrationStage=NotStarted}
{"logTime": "0107/142359", "correlationVector":"Pi1v0vr4jTjckC3ZMaM9sG","action":"Commit Request", "result":"", "context":Item count: 1
Contributing types: Sessions}
{"logTime": "0107/142400", "correlationVector":"Pi1v0vr4jTjckC3ZMaM9sG.1","action":"SyncServerConnectionManagerRequest", "result":"SYNC_SERVER_OK", "context":{"environment":"Prod_EastAsia_000d", "migrationStage":"NotStarted", "server":"GENERAL0100000Z"}}
{"logTime": "0107/142400", "correlationVector":"Pi1v0vr4jTjckC3ZMaM9sG.2","action":"Commit Response", "result":"SYNCER_OK", "context":Result: SYNCER_OK. cV=Pi1v0vr4jTjckC3ZMaM9sG.0;server=GENERAL0100000Z;cloudType=Consumer;environment=Prod_EastAsia_000d;migrationStage=NotStarted}
{"logTime": "0107/142635", "correlationVector":"SxBADnYynEnxo4DJT2RGRo","action":"Commit Request", "result":"", "context":Item count: 1
Contributing types: Sessions}
{"logTime": "0107/142635", "correlationVector":"SxBADnYynEnxo4DJT2RGRo.1","action":"SyncServerConnectionManagerRequest", "result":"SYNC_SERVER_OK", "context":{"environment":"Prod_EastAsia_000d", "migrationStage":"NotStarted", "server":"GENERAL0100001A"}}
{"logTime": "0107/142635", "correlationVector":"SxBADnYynEnxo4DJT2RGRo.2","action":"Commit Response", "result":"SYNCER_OK", "context":Result: SYNCER_OK. cV=SxBADnYynEnxo4DJT2RGRo.0;server=GENERAL0100001A;cloudType=Consumer;environment=Prod_EastAsia_000d;migrationStage=NotStarted}
{"logTime": "0107/142936", "correlationVector":"F96jghPyHC2wITKlTR4U0i","action":"Commit Request", "result":"", "context":Item count: 1
Contributing types: Sessions}
{"logTime": "0107/142937", "correlationVector":"F96jghPyHC2wITKlTR4U0i.1","action":"SyncServerConnectionManagerRequest", "result":"SYNC_SERVER_OK", "context":{"environment":"Prod_EastAsia_000d", "migrationStage":"NotStarted", "server":"GENERAL0100000P"}}
{"logTime": "0107/142937", "correlationVector":"F96jghPyHC2wITKlTR4U0i.2","action":"Commit Response", "result":"SYNCER_OK", "context":Result: SYNCER_OK. cV=F96jghPyHC2wITKlTR4U0i.0;server=GENERAL0100000P;cloudType=Consumer;environment=Prod_EastAsia_000d;migrationStage=NotStarted}
{"logTime": "0107/143008", "correlationVector":"fUUmJqc7msdAW+t7Tc8lAN","action":"Commit Request", "result":"", "context":Item count: 1
Contributing types: Sessions}
{"logTime": "0107/143008", "correlationVector":"fUUmJqc7msdAW+t7Tc8lAN.1","action":"SyncServerConnectionManagerRequest", "result":"SYNC_SERVER_OK", "context":{"environment":"Prod_EastAsia_000d", "migrationStage":"NotStarted", "server":"general01000019"}}
{"logTime": "0107/143008", "correlationVector":"fUUmJqc7msdAW+t7Tc8lAN.2","action":"Commit Response", "result":"SYNCER_OK", "context":Result: SYNCER_OK. cV=fUUmJqc7msdAW+t7Tc8lAN.0;server=general01000019;cloudType=Consumer;environment=Prod_EastAsia_000d;migrationStage=NotStarted}
{"logTime": "0107/143328", "correlationVector":"32t6wyMU5tmGQjO1+QXvII","action":"Commit Request", "result":"", "context":Item count: 1
Contributing types: Sessions}
{"logTime": "0107/143328", "correlationVector":"32t6wyMU5tmGQjO1+QXvII.1","action":"SyncServerConnectionManagerRequest", "result":"SYNC_SERVER_OK", "context":{"environment":"Prod_EastAsia_000d", "migrationStage":"NotStarted", "server":"GENERAL0100001F"}}
{"logTime": "0107/143328", "correlationVector":"32t6wyMU5tmGQjO1+QXvII.2","action":"Commit Response", "result":"SYNCER_OK", "context":Result: SYNCER_OK. cV=32t6wyMU5tmGQjO1+QXvII.0;server=GENERAL0100001F;cloudType=Consumer;environment=Prod_EastAsia_000d;migrationStage=NotStarted}
